Using pre-set license
Built from '2020.3/release' branch; Version is '2020.3.2f1 (8fd9074bf66c) revision 9427207'; Using compiler version '192528614'; Build Type 'Release'
OS: 'Windows 10 Pro; OS build 19041.867; Version 2004; 64bit' Language: 'en' Physical Memory: 16338 MB
BatchMode: 1, IsHumanControllingUs: 0, StartBugReporterOnCrash: 0, Is64bit: 1, IsPro: 0

 COMMAND LINE ARGUMENTS:
C:\Program Files\Unity\Hub\Editor\2020.3.2f1\Editor\Unity.exe
-adb2
-batchMode
-noUpm
-name
AssetImportWorker0
-projectPath
C:/Users/dmart/Desktop/Unity/ARFOUNDATION
-logFile
Logs/AssetImportWorker0.log
-srvPort
56539
Successfully changed project path to: C:/Users/dmart/Desktop/Unity/ARFOUNDATION
C:/Users/dmart/Desktop/Unity/ARFOUNDATION
Using Asset Import Pipeline V2.
Refreshing native plugins compatible for Editor in 27.51 ms, found 0 plugins.
Preloading 0 native plugins for Editor in 0.00 ms.
Initialize engine version: 2020.3.2f1 (8fd9074bf66c)
[Subsystems] Discovering subsystems at path C:/Program Files/Unity/Hub/Editor/2020.3.2f1/Editor/Data/Resources/UnitySubsystems
[Subsystems] Discovering subsystems at path C:/Users/dmart/Desktop/Unity/ARFOUNDATION/Assets
GfxDevice: creating device client; threaded=0
Direct3D:
    Version:  Direct3D 11.0 [level 11.1]
    Renderer: NVIDIA GeForce RTX 3070 (ID=0x2484)
    Vendor:   
    VRAM:     8043 MB
    Driver:   27.21.14.6192
Initialize mono
Mono path[0] = 'C:/Program Files/Unity/Hub/Editor/2020.3.2f1/Editor/Data/Managed'
Mono path[1] = 'C:/Program Files/Unity/Hub/Editor/2020.3.2f1/Editor/Data/MonoBleedingEdge/lib/mono/unityjit'
Mono config path = 'C:/Program Files/Unity/Hub/Editor/2020.3.2f1/Editor/Data/MonoBleedingEdge/etc'
Using monoOptions --debugger-agent=transport=dt_socket,embedding=1,server=y,suspend=n,address=127.0.0.1:56428
Begin MonoManager ReloadAssembly
Registering precompiled unity dll's ...
Register platform support module: C:/Program Files/Unity/Hub/Editor/2020.3.2f1/Editor/Data/PlaybackEngines/WindowsStandaloneSupport/UnityEditor.WindowsStandalone.Extensions.dll
Registered in 0.001189 seconds.
Native extension for WindowsStandalone target not found
Refreshing native plugins compatible for Editor in 20.97 ms, found 0 plugins.
Preloading 0 native plugins for Editor in 0.00 ms.
Invoked RoslynAnalysisRunner static constructor.
RoslynAnalysisRunner will not be running.
RoslynAnalysisRunner has terminated.
Mono: successfully reloaded assembly
- Completed reload, in  1.202 seconds
Platform modules already initialized, skipping
Registering precompiled user dll's ...
Registered in 0.000524 seconds.
Begin MonoManager ReloadAssembly
Native extension for WindowsStandalone target not found
Refreshing native plugins compatible for Editor in 0.23 ms, found 0 plugins.
Preloading 0 native plugins for Editor in 0.00 ms.
Invoked RoslynAnalysisRunner static constructor.
RoslynAnalysisRunner will not be running.
RoslynAnalysisRunner has terminated.
Mono: successfully reloaded assembly
- Completed reload, in  0.655 seconds
Platform modules already initialized, skipping
========================================================================
Worker process is ready to serve import requests
Launched and connected shader compiler UnityShaderCompiler.exe after 0.04 seconds
Refreshing native plugins compatible for Editor in 0.24 ms, found 0 plugins.
Preloading 0 native plugins for Editor in 0.00 ms.
Unloading 1439 Unused Serialized files (Serialized files now loaded: 0)
System memory in use before: 72.7 MB.
System memory in use after: 72.8 MB.

Unloading 12 unused Assets to reduce memory usage. Loaded Objects now: 1894.
Total: 1.508200 ms (FindLiveObjects: 0.141100 ms CreateObjectMapping: 0.052700 ms MarkObjects: 1.243000 ms  DeleteObjects: 0.070500 ms)

========================================================================
Received Import Request.
  path: Assets/test.mp4
  artifactKey: Guid(904b79f3fb347174eb476096fccabca1) Importer(815301076,1909f56bfc062723c751e8b465ee728b)
Start importing Assets/test.mp4 using Guid(904b79f3fb347174eb476096fccabca1) Importer(815301076,1909f56bfc062723c751e8b465ee728b)  -> (artifact id: '37396e0b53358c147df087f9345e7d23') in 0.038426 seconds
  Import took 0.040322 seconds .

========================================================================
Received Import Request.
  Time since last request: 26.886679 seconds.
  path: Assets/Resources
  artifactKey: Guid(b8d1f2bc57b7e6e47984f2af5ede822b) Importer(815301076,1909f56bfc062723c751e8b465ee728b)
Start importing Assets/Resources using Guid(b8d1f2bc57b7e6e47984f2af5ede822b) Importer(815301076,1909f56bfc062723c751e8b465ee728b)  -> (artifact id: 'c030b3ec7eadc1edd2ffb1d9481d4b57') in 0.004858 seconds
  Import took 0.006865 seconds .

========================================================================
Received Import Request.
  Time since last request: 7.321112 seconds.
  path: Assets/Resources/Videos
  artifactKey: Guid(fb0f6bbd8c466654e87169920b7f87ab) Importer(815301076,1909f56bfc062723c751e8b465ee728b)
Start importing Assets/Resources/Videos using Guid(fb0f6bbd8c466654e87169920b7f87ab) Importer(815301076,1909f56bfc062723c751e8b465ee728b)  -> (artifact id: '96567ff5785f27a5838e9647c500bb13') in 0.006340 seconds
  Import took 0.008490 seconds .

========================================================================
Received Import Request.
  Time since last request: 5.846030 seconds.
  path: Assets/Resources/Images
  artifactKey: Guid(69a86d587257e0245af8c039811174f3) Importer(815301076,1909f56bfc062723c751e8b465ee728b)
Start importing Assets/Resources/Images using Guid(69a86d587257e0245af8c039811174f3) Importer(815301076,1909f56bfc062723c751e8b465ee728b)  -> (artifact id: '8b11430eef20805f8690cd7bfa87b60d') in 0.005294 seconds
  Import took 0.007547 seconds .

========================================================================
Received Import Request.
  Time since last request: 5.066480 seconds.
  path: Assets/Resources/Prefab
  artifactKey: Guid(0ee3206788dd744409300112ca6e7b99) Importer(815301076,1909f56bfc062723c751e8b465ee728b)
Start importing Assets/Resources/Prefab using Guid(0ee3206788dd744409300112ca6e7b99) Importer(815301076,1909f56bfc062723c751e8b465ee728b)  -> (artifact id: '71b0c5d9272b9ab812826badfa0fe28a') in 0.005512 seconds
  Import took 0.007383 seconds .

========================================================================
Received Import Request.
  Time since last request: 9.818821 seconds.
  path: Assets/Resources/Materials
  artifactKey: Guid(f6d2e07301984f444997561d4e448c8e) Importer(815301076,1909f56bfc062723c751e8b465ee728b)
Start importing Assets/Resources/Materials using Guid(f6d2e07301984f444997561d4e448c8e) Importer(815301076,1909f56bfc062723c751e8b465ee728b)  -> (artifact id: '1899c8c89e5d3848e6ff31921a2d904a') in 0.005625 seconds
  Import took 0.008218 seconds .

========================================================================
Received Import Request.
  Time since last request: 9.716487 seconds.
  path: Assets/Scenes
  artifactKey: Guid(e7f29c3f09f9dd04cabbe0b6367b7d4b) Importer(815301076,1909f56bfc062723c751e8b465ee728b)
Start importing Assets/Scenes using Guid(e7f29c3f09f9dd04cabbe0b6367b7d4b) Importer(815301076,1909f56bfc062723c751e8b465ee728b)  -> (artifact id: '52cdb1ccbcf06aa40303d98f02fb6d1c') in 0.006195 seconds
  Import took 0.008322 seconds .

========================================================================
Received Import Request.
  Time since last request: 0.000536 seconds.
  path: Assets/Scenes
  artifactKey: Guid(e7f29c3f09f9dd04cabbe0b6367b7d4b) Importer(815301076,1909f56bfc062723c751e8b465ee728b)
Start importing Assets/Scenes using Guid(e7f29c3f09f9dd04cabbe0b6367b7d4b) Importer(815301076,1909f56bfc062723c751e8b465ee728b)  -> (artifact id: '52cdb1ccbcf06aa40303d98f02fb6d1c') in 0.001637 seconds
  Import took 0.003565 seconds .

========================================================================
Received Import Request.
  Time since last request: 25.803251 seconds.
  path: Assets/arf.unity
  artifactKey: Guid(45767dd0293bdaa42a8492dd0f61df67) Importer(815301076,1909f56bfc062723c751e8b465ee728b)
Start importing Assets/arf.unity using Guid(45767dd0293bdaa42a8492dd0f61df67) Importer(815301076,1909f56bfc062723c751e8b465ee728b)  -> (artifact id: '0d2d111b63dd32a1c1765f644bc37c70') in 0.005445 seconds
  Import took 0.008459 seconds .

========================================================================
Received Import Request.
  Time since last request: 53.508059 seconds.
  path: Assets/Resources/Prefab/UI.prefab
  artifactKey: Guid(c3e63f883e73a554581ef9bc324be263) Importer(815301076,1909f56bfc062723c751e8b465ee728b)
Start importing Assets/Resources/Prefab/UI.prefab using Guid(c3e63f883e73a554581ef9bc324be263) Importer(815301076,1909f56bfc062723c751e8b465ee728b)  -> (artifact id: '29ad0b2ca84812ffbe1677c2bbc76bea') in 0.142079 seconds
  Import took 0.144517 seconds .

========================================================================
Received Import Request.
  Time since last request: 5.097060 seconds.
  path: Assets/Resources/Prefab/UI.prefab
  artifactKey: Guid(c3e63f883e73a554581ef9bc324be263) Importer(815301076,1909f56bfc062723c751e8b465ee728b)
Start importing Assets/Resources/Prefab/UI.prefab using Guid(c3e63f883e73a554581ef9bc324be263) Importer(815301076,1909f56bfc062723c751e8b465ee728b)  -> (artifact id: '8485071983e4af272d60a2f175c073af') in 0.050447 seconds
  Import took 0.052701 seconds .

========================================================================
Received Import Request.
  Time since last request: 4.187976 seconds.
  path: Assets/Resources/Prefab/UI.prefab
  artifactKey: Guid(c3e63f883e73a554581ef9bc324be263) Importer(815301076,1909f56bfc062723c751e8b465ee728b)
Start importing Assets/Resources/Prefab/UI.prefab using Guid(c3e63f883e73a554581ef9bc324be263) Importer(815301076,1909f56bfc062723c751e8b465ee728b)  -> (artifact id: '65197e089d3904695ed403ccfbf240b1') in 0.045569 seconds
  Import took 0.047872 seconds .

========================================================================
Received Prepare
Refreshing native plugins compatible for Editor in 0.64 ms, found 0 plugins.
Preloading 0 native plugins for Editor in 0.00 ms.
Unloading 4 Unused Serialized files (Serialized files now loaded: 0)
System memory in use before: 47.8 MB.
System memory in use after: 47.9 MB.

Unloading 5 unused Assets to reduce memory usage. Loaded Objects now: 1905.
Total: 2.218000 ms (FindLiveObjects: 0.159000 ms CreateObjectMapping: 0.041000 ms MarkObjects: 1.957100 ms  DeleteObjects: 0.059500 ms)

========================================================================
Received Import Request.
  Time since last request: 227.998062 seconds.
  path: Assets/Resources/Prefab/UI.prefab
  artifactKey: Guid(c3e63f883e73a554581ef9bc324be263) Importer(815301076,1909f56bfc062723c751e8b465ee728b)
Start importing Assets/Resources/Prefab/UI.prefab using Guid(c3e63f883e73a554581ef9bc324be263) Importer(815301076,1909f56bfc062723c751e8b465ee728b)  -> (artifact id: '2b6f86b182390001ef11a7e348c98e34') in 0.052869 seconds
  Import took 0.055355 seconds .

AssetImportWorkerClient::OnTransportError - code=2 error=End of file
