Using pre-set license
Built from '2020.3/release' branch; Version is '2020.3.2f1 (8fd9074bf66c) revision 9427207'; Using compiler version '192528614'; Build Type 'Release'
OS: 'Windows 10 Pro; OS build 19041.867; Version 2004; 64bit' Language: 'en' Physical Memory: 16338 MB
BatchMode: 1, IsHumanControllingUs: 0, StartBugReporterOnCrash: 0, Is64bit: 1, IsPro: 0

 COMMAND LINE ARGUMENTS:
C:\Program Files\Unity\Hub\Editor\2020.3.2f1\Editor\Unity.exe
-adb2
-batchMode
-noUpm
-name
AssetImportWorker0
-projectPath
C:/Users/dmart/Desktop/Unity/ARFOUNDATION
-logFile
Logs/AssetImportWorker0.log
-srvPort
54054
Successfully changed project path to: C:/Users/dmart/Desktop/Unity/ARFOUNDATION
C:/Users/dmart/Desktop/Unity/ARFOUNDATION
Using Asset Import Pipeline V2.
Refreshing native plugins compatible for Editor in 22.45 ms, found 0 plugins.
Preloading 0 native plugins for Editor in 0.00 ms.
Initialize engine version: 2020.3.2f1 (8fd9074bf66c)
[Subsystems] Discovering subsystems at path C:/Program Files/Unity/Hub/Editor/2020.3.2f1/Editor/Data/Resources/UnitySubsystems
[Subsystems] Discovering subsystems at path C:/Users/dmart/Desktop/Unity/ARFOUNDATION/Assets
GfxDevice: creating device client; threaded=0
Direct3D:
    Version:  Direct3D 11.0 [level 11.1]
    Renderer: NVIDIA GeForce RTX 3070 (ID=0x2484)
    Vendor:   
    VRAM:     8043 MB
    Driver:   27.21.14.6192
Initialize mono
Mono path[0] = 'C:/Program Files/Unity/Hub/Editor/2020.3.2f1/Editor/Data/Managed'
Mono path[1] = 'C:/Program Files/Unity/Hub/Editor/2020.3.2f1/Editor/Data/MonoBleedingEdge/lib/mono/unityjit'
Mono config path = 'C:/Program Files/Unity/Hub/Editor/2020.3.2f1/Editor/Data/MonoBleedingEdge/etc'
Using monoOptions --debugger-agent=transport=dt_socket,embedding=1,server=y,suspend=n,address=127.0.0.1:56216
Begin MonoManager ReloadAssembly
Registering precompiled unity dll's ...
Register platform support module: C:/Program Files/Unity/Hub/Editor/2020.3.2f1/Editor/Data/PlaybackEngines/WindowsStandaloneSupport/UnityEditor.WindowsStandalone.Extensions.dll
Registered in 0.001396 seconds.
Native extension for WindowsStandalone target not found
Refreshing native plugins compatible for Editor in 23.15 ms, found 0 plugins.
Preloading 0 native plugins for Editor in 0.00 ms.
Invoked RoslynAnalysisRunner static constructor.
RoslynAnalysisRunner will not be running.
RoslynAnalysisRunner has terminated.
Mono: successfully reloaded assembly
- Completed reload, in  1.421 seconds
Platform modules already initialized, skipping
Registering precompiled user dll's ...
Registered in 0.000561 seconds.
Begin MonoManager ReloadAssembly
Native extension for WindowsStandalone target not found
Refreshing native plugins compatible for Editor in 0.29 ms, found 0 plugins.
Preloading 0 native plugins for Editor in 0.00 ms.
Invoked RoslynAnalysisRunner static constructor.
RoslynAnalysisRunner will not be running.
RoslynAnalysisRunner has terminated.
Mono: successfully reloaded assembly
- Completed reload, in  0.703 seconds
Platform modules already initialized, skipping
========================================================================
Worker process is ready to serve import requests
Launched and connected shader compiler UnityShaderCompiler.exe after 0.05 seconds
Refreshing native plugins compatible for Editor in 0.23 ms, found 0 plugins.
Preloading 0 native plugins for Editor in 0.00 ms.
Unloading 1439 Unused Serialized files (Serialized files now loaded: 0)
System memory in use before: 66.8 MB.
System memory in use after: 66.8 MB.

Unloading 12 unused Assets to reduce memory usage. Loaded Objects now: 1882.
Total: 1.501900 ms (FindLiveObjects: 0.154000 ms CreateObjectMapping: 0.050500 ms MarkObjects: 1.227600 ms  DeleteObjects: 0.069000 ms)

========================================================================
Received Import Request.
  path: Assets/UI.prefab
  artifactKey: Guid(c3e63f883e73a554581ef9bc324be263) Importer(815301076,1909f56bfc062723c751e8b465ee728b)
Start importing Assets/UI.prefab using Guid(c3e63f883e73a554581ef9bc324be263) Importer(815301076,1909f56bfc062723c751e8b465ee728b)  -> (artifact id: 'f8d5ec22efafe55d2e98b7393d560c9a') in 0.065240 seconds
  Import took 0.067974 seconds .

========================================================================
Received Import Request.
  Time since last request: 39.796835 seconds.
  path: Assets/UI 1.prefab
  artifactKey: Guid(184f8f867f183f04f8ecb1f076915cd1) Importer(815301076,1909f56bfc062723c751e8b465ee728b)
Start importing Assets/UI 1.prefab using Guid(184f8f867f183f04f8ecb1f076915cd1) Importer(815301076,1909f56bfc062723c751e8b465ee728b)  -> (artifact id: '58a1002b9835a7597b33f91cb28dddbf') in 0.006617 seconds
  Import took 0.009900 seconds .

========================================================================
Received Import Request.
  Time since last request: 17.136454 seconds.
  path: Assets/UI.prefab
  artifactKey: Guid(c3e63f883e73a554581ef9bc324be263) Importer(815301076,1909f56bfc062723c751e8b465ee728b)
Start importing Assets/UI.prefab using Guid(c3e63f883e73a554581ef9bc324be263) Importer(815301076,1909f56bfc062723c751e8b465ee728b)  -> (artifact id: 'd4e93ef0aa49f98214e239199472f12c') in 0.004115 seconds
  Import took 0.007432 seconds .

========================================================================
Received Import Request.
  Time since last request: 0.000992 seconds.
  path: Assets/UI.prefab
  artifactKey: Guid(c3e63f883e73a554581ef9bc324be263) Importer(815301076,1909f56bfc062723c751e8b465ee728b)
Start importing Assets/UI.prefab using Guid(c3e63f883e73a554581ef9bc324be263) Importer(815301076,1909f56bfc062723c751e8b465ee728b)  -> (artifact id: 'd4e93ef0aa49f98214e239199472f12c') in 0.003382 seconds
  Import took 0.005597 seconds .

========================================================================
Received Prepare
Refreshing native plugins compatible for Editor in 0.60 ms, found 0 plugins.
Preloading 0 native plugins for Editor in 0.00 ms.
Unloading 4 Unused Serialized files (Serialized files now loaded: 0)
System memory in use before: 38.5 MB.
System memory in use after: 38.6 MB.

Unloading 4 unused Assets to reduce memory usage. Loaded Objects now: 1885.
Total: 2.009900 ms (FindLiveObjects: 0.209000 ms CreateObjectMapping: 0.057400 ms MarkObjects: 1.695900 ms  DeleteObjects: 0.046400 ms)

========================================================================
Received Prepare
Refreshing native plugins compatible for Editor in 0.60 ms, found 0 plugins.
Preloading 0 native plugins for Editor in 0.00 ms.
Unloading 3 Unused Serialized files (Serialized files now loaded: 0)
System memory in use before: 38.4 MB.
System memory in use after: 38.5 MB.

Unloading 3 unused Assets to reduce memory usage. Loaded Objects now: 1885.
Total: 3.636200 ms (FindLiveObjects: 0.293600 ms CreateObjectMapping: 0.104200 ms MarkObjects: 3.167900 ms  DeleteObjects: 0.066100 ms)

========================================================================
Received Import Request.
  Time since last request: 684.176159 seconds.
  path: Assets/Plane.prefab
  artifactKey: Guid(23af936ad21714b498d66bf5a3493cdc) Importer(815301076,1909f56bfc062723c751e8b465ee728b)
Start importing Assets/Plane.prefab using Guid(23af936ad21714b498d66bf5a3493cdc) Importer(815301076,1909f56bfc062723c751e8b465ee728b)  -> (artifact id: '818e763dcfd213fd717bec775db00694') in 0.061316 seconds
  Import took 0.064378 seconds .

========================================================================
Received Import Request.
  Time since last request: 8.210124 seconds.
  path: Assets/Plane.prefab
  artifactKey: Guid(23af936ad21714b498d66bf5a3493cdc) Importer(815301076,1909f56bfc062723c751e8b465ee728b)
Start importing Assets/Plane.prefab using Guid(23af936ad21714b498d66bf5a3493cdc) Importer(815301076,1909f56bfc062723c751e8b465ee728b)  -> (artifact id: 'fc49779bf0fabcf6647cabeaffccf1f8') in 0.007473 seconds
  Import took 0.009922 seconds .

========================================================================
Received Import Request.
  Time since last request: 89.611959 seconds.
  path: Assets/Plane.prefab
  artifactKey: Guid(23af936ad21714b498d66bf5a3493cdc) Importer(815301076,1909f56bfc062723c751e8b465ee728b)
Start importing Assets/Plane.prefab using Guid(23af936ad21714b498d66bf5a3493cdc) Importer(815301076,1909f56bfc062723c751e8b465ee728b)  -> (artifact id: 'c5f29e1afd9741f1bc6d2c3e87d57d75') in 0.016046 seconds
  Import took 0.019143 seconds .

========================================================================
Received Import Request.
  Time since last request: 2.203413 seconds.
  path: Assets/Plane.prefab
  artifactKey: Guid(23af936ad21714b498d66bf5a3493cdc) Importer(815301076,1909f56bfc062723c751e8b465ee728b)
Start importing Assets/Plane.prefab using Guid(23af936ad21714b498d66bf5a3493cdc) Importer(815301076,1909f56bfc062723c751e8b465ee728b)  -> (artifact id: '405c18d3082c9d7abb3528be28aa82b5') in 0.014721 seconds
  Import took 0.018565 seconds .

========================================================================
Received Import Request.
  Time since last request: 1.596335 seconds.
  path: Assets/Plane.prefab
  artifactKey: Guid(23af936ad21714b498d66bf5a3493cdc) Importer(815301076,1909f56bfc062723c751e8b465ee728b)
Start importing Assets/Plane.prefab using Guid(23af936ad21714b498d66bf5a3493cdc) Importer(815301076,1909f56bfc062723c751e8b465ee728b)  -> (artifact id: 'fcbc62317fb4a1a64af996d83e5b9f40') in 0.011208 seconds
  Import took 0.013591 seconds .

========================================================================
Received Import Request.
  Time since last request: 1.108673 seconds.
  path: Assets/Plane.prefab
  artifactKey: Guid(23af936ad21714b498d66bf5a3493cdc) Importer(815301076,1909f56bfc062723c751e8b465ee728b)
Start importing Assets/Plane.prefab using Guid(23af936ad21714b498d66bf5a3493cdc) Importer(815301076,1909f56bfc062723c751e8b465ee728b)  -> (artifact id: '99a3911d4e1fde6960eaba15bdab27e5') in 0.027384 seconds
  Import took 0.030343 seconds .

========================================================================
Received Import Request.
  Time since last request: 1.583483 seconds.
  path: Assets/Plane.prefab
  artifactKey: Guid(23af936ad21714b498d66bf5a3493cdc) Importer(815301076,1909f56bfc062723c751e8b465ee728b)
Start importing Assets/Plane.prefab using Guid(23af936ad21714b498d66bf5a3493cdc) Importer(815301076,1909f56bfc062723c751e8b465ee728b)  -> (artifact id: 'e6f1861b5e6ac84236e800f866ab1bf8') in 0.014125 seconds
  Import took 0.016805 seconds .

========================================================================
Received Import Request.
  Time since last request: 2.845983 seconds.
  path: Assets/Plane.prefab
  artifactKey: Guid(23af936ad21714b498d66bf5a3493cdc) Importer(815301076,1909f56bfc062723c751e8b465ee728b)
Start importing Assets/Plane.prefab using Guid(23af936ad21714b498d66bf5a3493cdc) Importer(815301076,1909f56bfc062723c751e8b465ee728b)  -> (artifact id: '76ecda042060f96c6a8b8069125fbc30') in 0.013547 seconds
  Import took 0.017551 seconds .

========================================================================
Received Import Request.
  Time since last request: 0.788541 seconds.
  path: Assets/Plane.prefab
  artifactKey: Guid(23af936ad21714b498d66bf5a3493cdc) Importer(815301076,1909f56bfc062723c751e8b465ee728b)
Start importing Assets/Plane.prefab using Guid(23af936ad21714b498d66bf5a3493cdc) Importer(815301076,1909f56bfc062723c751e8b465ee728b)  -> (artifact id: '1ef90c60300f33bdb050ac524e7cc2be') in 0.012598 seconds
  Import took 0.015223 seconds .

========================================================================
Received Import Request.
  Time since last request: 10.944558 seconds.
  path: Assets/Plane.prefab
  artifactKey: Guid(23af936ad21714b498d66bf5a3493cdc) Importer(815301076,1909f56bfc062723c751e8b465ee728b)
Start importing Assets/Plane.prefab using Guid(23af936ad21714b498d66bf5a3493cdc) Importer(815301076,1909f56bfc062723c751e8b465ee728b)  -> (artifact id: '81f795b84360e9e2f68c9e4ae0984ea2') in 0.007147 seconds
  Import took 0.009875 seconds .

========================================================================
Received Import Request.
  Time since last request: 5.671055 seconds.
  path: Assets/Plane.prefab
  artifactKey: Guid(23af936ad21714b498d66bf5a3493cdc) Importer(815301076,1909f56bfc062723c751e8b465ee728b)
Start importing Assets/Plane.prefab using Guid(23af936ad21714b498d66bf5a3493cdc) Importer(815301076,1909f56bfc062723c751e8b465ee728b)  -> (artifact id: '4911746a3489450d75f5f8d668d718c3') in 0.008601 seconds
  Import took 0.011071 seconds .

========================================================================
Received Import Request.
  Time since last request: 54.334393 seconds.
  path: Assets/Plane.prefab
  artifactKey: Guid(23af936ad21714b498d66bf5a3493cdc) Importer(815301076,1909f56bfc062723c751e8b465ee728b)
Start importing Assets/Plane.prefab using Guid(23af936ad21714b498d66bf5a3493cdc) Importer(815301076,1909f56bfc062723c751e8b465ee728b)  -> (artifact id: 'da9d86846da49e1fdc55ac83f3a3d0b3') in 0.007366 seconds
  Import took 0.009914 seconds .

========================================================================
Received Import Request.
  Time since last request: 7.028152 seconds.
  path: Assets/Plane.prefab
  artifactKey: Guid(23af936ad21714b498d66bf5a3493cdc) Importer(815301076,1909f56bfc062723c751e8b465ee728b)
Start importing Assets/Plane.prefab using Guid(23af936ad21714b498d66bf5a3493cdc) Importer(815301076,1909f56bfc062723c751e8b465ee728b)  -> (artifact id: '10d6d3aae3e6bc87b24128de73b5c061') in 0.007745 seconds
  Import took 0.010885 seconds .

========================================================================
Received Import Request.
  Time since last request: 16.104089 seconds.
  path: Assets/Plane.prefab
  artifactKey: Guid(23af936ad21714b498d66bf5a3493cdc) Importer(815301076,1909f56bfc062723c751e8b465ee728b)
Start importing Assets/Plane.prefab using Guid(23af936ad21714b498d66bf5a3493cdc) Importer(815301076,1909f56bfc062723c751e8b465ee728b)  -> (artifact id: '9b0f9975c3d4b94e75a166e48412a968') in 0.008921 seconds
  Import took 0.011716 seconds .

========================================================================
Received Prepare
Refreshing native plugins compatible for Editor in 0.81 ms, found 0 plugins.
Preloading 0 native plugins for Editor in 0.00 ms.
Unloading 3 Unused Serialized files (Serialized files now loaded: 0)
System memory in use before: 47.5 MB.
System memory in use after: 47.6 MB.

Unloading 10 unused Assets to reduce memory usage. Loaded Objects now: 1905.
Total: 2.307600 ms (FindLiveObjects: 0.173900 ms CreateObjectMapping: 0.047100 ms MarkObjects: 2.015000 ms  DeleteObjects: 0.070500 ms)

========================================================================
Received Import Request.
  Time since last request: 303.588273 seconds.
  path: Assets/Plane.prefab
  artifactKey: Guid(23af936ad21714b498d66bf5a3493cdc) Importer(815301076,1909f56bfc062723c751e8b465ee728b)
Start importing Assets/Plane.prefab using Guid(23af936ad21714b498d66bf5a3493cdc) Importer(815301076,1909f56bfc062723c751e8b465ee728b)  -> (artifact id: 'c7057785f251b28f721aaf43dad0859a') in 0.009541 seconds
  Import took 0.012912 seconds .

========================================================================
Received Import Request.
  Time since last request: 4.281676 seconds.
  path: Assets/Plane.prefab
  artifactKey: Guid(23af936ad21714b498d66bf5a3493cdc) Importer(815301076,1909f56bfc062723c751e8b465ee728b)
Start importing Assets/Plane.prefab using Guid(23af936ad21714b498d66bf5a3493cdc) Importer(815301076,1909f56bfc062723c751e8b465ee728b)  -> (artifact id: 'bda4e8ecb9fa638a0e8332c42fdf07aa') in 0.007718 seconds
  Import took 0.010447 seconds .

========================================================================
Received Prepare
Refreshing native plugins compatible for Editor in 0.59 ms, found 0 plugins.
Preloading 0 native plugins for Editor in 0.00 ms.
Unloading 3 Unused Serialized files (Serialized files now loaded: 0)
System memory in use before: 47.5 MB.
System memory in use after: 47.6 MB.

Unloading 6 unused Assets to reduce memory usage. Loaded Objects now: 1905.
Total: 2.242300 ms (FindLiveObjects: 0.174700 ms CreateObjectMapping: 0.046600 ms MarkObjects: 1.968700 ms  DeleteObjects: 0.051400 ms)

========================================================================
Received Import Request.
  Time since last request: 2148.289720 seconds.
  path: Assets/UI 1.prefab
  artifactKey: Guid(184f8f867f183f04f8ecb1f076915cd1) Importer(815301076,1909f56bfc062723c751e8b465ee728b)
Start importing Assets/UI 1.prefab using Guid(184f8f867f183f04f8ecb1f076915cd1) Importer(815301076,1909f56bfc062723c751e8b465ee728b)  -> (artifact id: '90f889cc245372f3125eaf779498e8a5') in 0.029153 seconds
  Import took 0.032352 seconds .

========================================================================
Received Import Request.
  Time since last request: 40.161175 seconds.
  path: Assets/UI 1.prefab
  artifactKey: Guid(184f8f867f183f04f8ecb1f076915cd1) Importer(815301076,1909f56bfc062723c751e8b465ee728b)
Start importing Assets/UI 1.prefab using Guid(184f8f867f183f04f8ecb1f076915cd1) Importer(815301076,1909f56bfc062723c751e8b465ee728b)  -> (artifact id: '447071dc85a5ef2bf2812c292e293ddc') in 0.008068 seconds
  Import took 0.011374 seconds .

========================================================================
Received Import Request.
  Time since last request: 21.638488 seconds.
  path: Assets/arf.unity
  artifactKey: Guid(45767dd0293bdaa42a8492dd0f61df67) Importer(815301076,1909f56bfc062723c751e8b465ee728b)
Start importing Assets/arf.unity using Guid(45767dd0293bdaa42a8492dd0f61df67) Importer(815301076,1909f56bfc062723c751e8b465ee728b)  -> (artifact id: '0bf90eb0b643aca19d059e70e9891e97') in 0.005744 seconds
  Import took 0.008123 seconds .

========================================================================
Received Import Request.
  Time since last request: 108.391425 seconds.
  path: Assets/UI 1.prefab
  artifactKey: Guid(184f8f867f183f04f8ecb1f076915cd1) Importer(815301076,1909f56bfc062723c751e8b465ee728b)
Start importing Assets/UI 1.prefab using Guid(184f8f867f183f04f8ecb1f076915cd1) Importer(815301076,1909f56bfc062723c751e8b465ee728b)  -> (artifact id: '93906ea972e1bb2524845351b673efbc') in 0.008660 seconds
  Import took 0.011752 seconds .

========================================================================
Received Prepare
Refreshing native plugins compatible for Editor in 0.58 ms, found 0 plugins.
Preloading 0 native plugins for Editor in 0.00 ms.
Unloading 3 Unused Serialized files (Serialized files now loaded: 0)
System memory in use before: 47.6 MB.
System memory in use after: 47.7 MB.

Unloading 5 unused Assets to reduce memory usage. Loaded Objects now: 1905.
Total: 2.873600 ms (FindLiveObjects: 0.253300 ms CreateObjectMapping: 0.092000 ms MarkObjects: 2.444700 ms  DeleteObjects: 0.081300 ms)

========================================================================
Received Import Request.
  Time since last request: 129.211967 seconds.
  path: Assets/Plane.prefab
  artifactKey: Guid(23af936ad21714b498d66bf5a3493cdc) Importer(815301076,1909f56bfc062723c751e8b465ee728b)
Start importing Assets/Plane.prefab using Guid(23af936ad21714b498d66bf5a3493cdc) Importer(815301076,1909f56bfc062723c751e8b465ee728b)  -> (artifact id: '62cf7590f9a16a23c51d7b3c4b4004d7') in 0.008276 seconds
  Import took 0.010539 seconds .

========================================================================
Received Import Request.
  Time since last request: 18.717051 seconds.
  path: Assets/Plane.prefab
  artifactKey: Guid(23af936ad21714b498d66bf5a3493cdc) Importer(815301076,1909f56bfc062723c751e8b465ee728b)
Start importing Assets/Plane.prefab using Guid(23af936ad21714b498d66bf5a3493cdc) Importer(815301076,1909f56bfc062723c751e8b465ee728b)  -> (artifact id: '697e400a9b9247b6268428d574c06f76') in 0.009102 seconds
  Import took 0.012339 seconds .

========================================================================
Received Prepare
Refreshing native plugins compatible for Editor in 0.71 ms, found 0 plugins.
Preloading 0 native plugins for Editor in 0.00 ms.
Unloading 3 Unused Serialized files (Serialized files now loaded: 0)
System memory in use before: 47.6 MB.
System memory in use after: 47.7 MB.

Unloading 5 unused Assets to reduce memory usage. Loaded Objects now: 1905.
Total: 2.089600 ms (FindLiveObjects: 0.188100 ms CreateObjectMapping: 0.057300 ms MarkObjects: 1.790300 ms  DeleteObjects: 0.052700 ms)

========================================================================
Received Import Request.
  Time since last request: 87.309592 seconds.
  path: Assets/UI 1.prefab
  artifactKey: Guid(184f8f867f183f04f8ecb1f076915cd1) Importer(815301076,1909f56bfc062723c751e8b465ee728b)
Start importing Assets/UI 1.prefab using Guid(184f8f867f183f04f8ecb1f076915cd1) Importer(815301076,1909f56bfc062723c751e8b465ee728b)  -> (artifact id: 'e904e51a24c4eff69e82af964c28b320') in 0.013259 seconds
  Import took 0.016030 seconds .

========================================================================
Received Prepare
Refreshing native plugins compatible for Editor in 0.59 ms, found 0 plugins.
Preloading 0 native plugins for Editor in 0.00 ms.
Unloading 3 Unused Serialized files (Serialized files now loaded: 0)
System memory in use before: 47.7 MB.
System memory in use after: 47.8 MB.

Unloading 5 unused Assets to reduce memory usage. Loaded Objects now: 1905.
Total: 1.871000 ms (FindLiveObjects: 0.152100 ms CreateObjectMapping: 0.041700 ms MarkObjects: 1.628800 ms  DeleteObjects: 0.047400 ms)

========================================================================
Received Import Request.
  Time since last request: 123.572023 seconds.
  path: Assets/UI 1.prefab
  artifactKey: Guid(184f8f867f183f04f8ecb1f076915cd1) Importer(815301076,1909f56bfc062723c751e8b465ee728b)
Start importing Assets/UI 1.prefab using Guid(184f8f867f183f04f8ecb1f076915cd1) Importer(815301076,1909f56bfc062723c751e8b465ee728b)  -> (artifact id: '7a5939721c60e80036961871cc68cbda') in 0.014887 seconds
  Import took 0.018586 seconds .

========================================================================
Received Import Request.
  Time since last request: 1.180798 seconds.
  path: Assets/UI 1.prefab
  artifactKey: Guid(184f8f867f183f04f8ecb1f076915cd1) Importer(815301076,1909f56bfc062723c751e8b465ee728b)
Start importing Assets/UI 1.prefab using Guid(184f8f867f183f04f8ecb1f076915cd1) Importer(815301076,1909f56bfc062723c751e8b465ee728b)  -> (artifact id: 'a11ffccd635c7732b6976a2718250662') in 0.007724 seconds
  Import took 0.010752 seconds .

========================================================================
Received Import Request.
  Time since last request: 0.589680 seconds.
  path: Assets/UI 1.prefab
  artifactKey: Guid(184f8f867f183f04f8ecb1f076915cd1) Importer(815301076,1909f56bfc062723c751e8b465ee728b)
Start importing Assets/UI 1.prefab using Guid(184f8f867f183f04f8ecb1f076915cd1) Importer(815301076,1909f56bfc062723c751e8b465ee728b)  -> (artifact id: '31ccba91e4fe10cbee653bd771049cda') in 0.007715 seconds
  Import took 0.010766 seconds .

========================================================================
Received Prepare
Refreshing native plugins compatible for Editor in 0.73 ms, found 0 plugins.
Preloading 0 native plugins for Editor in 0.00 ms.
Unloading 3 Unused Serialized files (Serialized files now loaded: 0)
System memory in use before: 47.7 MB.
System memory in use after: 47.8 MB.

Unloading 5 unused Assets to reduce memory usage. Loaded Objects now: 1905.
Total: 2.270400 ms (FindLiveObjects: 0.230000 ms CreateObjectMapping: 0.070100 ms MarkObjects: 1.914600 ms  DeleteObjects: 0.054500 ms)

========================================================================
Received Import Request.
  Time since last request: 506.592213 seconds.
  path: Assets/UI 1.prefab
  artifactKey: Guid(184f8f867f183f04f8ecb1f076915cd1) Importer(815301076,1909f56bfc062723c751e8b465ee728b)
Start importing Assets/UI 1.prefab using Guid(184f8f867f183f04f8ecb1f076915cd1) Importer(815301076,1909f56bfc062723c751e8b465ee728b)  -> (artifact id: '92e237c0e07a25c5015ae0a997aa8b96') in 0.014587 seconds
  Import took 0.017533 seconds .

========================================================================
Received Import Request.
  Time since last request: 8.666973 seconds.
  path: Assets/UI 1.prefab
  artifactKey: Guid(184f8f867f183f04f8ecb1f076915cd1) Importer(815301076,1909f56bfc062723c751e8b465ee728b)
Start importing Assets/UI 1.prefab using Guid(184f8f867f183f04f8ecb1f076915cd1) Importer(815301076,1909f56bfc062723c751e8b465ee728b)  -> (artifact id: 'f98ec9b1d23b1a13f1823a123580f70b') in 0.008649 seconds
  Import took 0.012604 seconds .

========================================================================
Received Import Request.
  Time since last request: 2.207095 seconds.
  path: Assets/UI 1.prefab
  artifactKey: Guid(184f8f867f183f04f8ecb1f076915cd1) Importer(815301076,1909f56bfc062723c751e8b465ee728b)
Start importing Assets/UI 1.prefab using Guid(184f8f867f183f04f8ecb1f076915cd1) Importer(815301076,1909f56bfc062723c751e8b465ee728b)  -> (artifact id: 'a8a2f0bff237036c4972e96a2bddedad') in 0.007986 seconds
  Import took 0.011357 seconds .

========================================================================
Received Import Request.
  Time since last request: 3.021232 seconds.
  path: Assets/UI 1.prefab
  artifactKey: Guid(184f8f867f183f04f8ecb1f076915cd1) Importer(815301076,1909f56bfc062723c751e8b465ee728b)
Start importing Assets/UI 1.prefab using Guid(184f8f867f183f04f8ecb1f076915cd1) Importer(815301076,1909f56bfc062723c751e8b465ee728b)  -> (artifact id: '89e7fb94e5bda520524e35211437d8c7') in 0.009747 seconds
  Import took 0.011965 seconds .

========================================================================
Received Import Request.
  Time since last request: 24.639132 seconds.
  path: Assets/UI 1.prefab
  artifactKey: Guid(184f8f867f183f04f8ecb1f076915cd1) Importer(815301076,1909f56bfc062723c751e8b465ee728b)
Start importing Assets/UI 1.prefab using Guid(184f8f867f183f04f8ecb1f076915cd1) Importer(815301076,1909f56bfc062723c751e8b465ee728b)  -> (artifact id: '8bdf04ec6f519ccdd57f050205b84d84') in 0.010313 seconds
  Import took 0.013253 seconds .

========================================================================
Received Import Request.
  Time since last request: 1.201858 seconds.
  path: Assets/UI 1.prefab
  artifactKey: Guid(184f8f867f183f04f8ecb1f076915cd1) Importer(815301076,1909f56bfc062723c751e8b465ee728b)
Start importing Assets/UI 1.prefab using Guid(184f8f867f183f04f8ecb1f076915cd1) Importer(815301076,1909f56bfc062723c751e8b465ee728b)  -> (artifact id: '33269a899a3eb8ed4f4cc507ed3d5897') in 0.007984 seconds
  Import took 0.010979 seconds .

========================================================================
Received Import Request.
  Time since last request: 1.403053 seconds.
  path: Assets/UI 1.prefab
  artifactKey: Guid(184f8f867f183f04f8ecb1f076915cd1) Importer(815301076,1909f56bfc062723c751e8b465ee728b)
Start importing Assets/UI 1.prefab using Guid(184f8f867f183f04f8ecb1f076915cd1) Importer(815301076,1909f56bfc062723c751e8b465ee728b)  -> (artifact id: '322e80b9a06751e688cd3d2eab6ff590') in 0.007116 seconds
  Import took 0.009835 seconds .

========================================================================
Received Prepare
Refreshing native plugins compatible for Editor in 0.71 ms, found 0 plugins.
Preloading 0 native plugins for Editor in 0.00 ms.
Unloading 3 Unused Serialized files (Serialized files now loaded: 0)
System memory in use before: 47.8 MB.
System memory in use after: 47.8 MB.

Unloading 5 unused Assets to reduce memory usage. Loaded Objects now: 1905.
Total: 2.199600 ms (FindLiveObjects: 0.167300 ms CreateObjectMapping: 0.053800 ms MarkObjects: 1.927200 ms  DeleteObjects: 0.050500 ms)

========================================================================
Received Import Request.
  Time since last request: 149.462431 seconds.
  path: Assets/UI 1.prefab
  artifactKey: Guid(184f8f867f183f04f8ecb1f076915cd1) Importer(815301076,1909f56bfc062723c751e8b465ee728b)
Start importing Assets/UI 1.prefab using Guid(184f8f867f183f04f8ecb1f076915cd1) Importer(815301076,1909f56bfc062723c751e8b465ee728b)  -> (artifact id: '21ca1baa583362f4f5c8a25fd270ca74') in 0.016039 seconds
  Import took 0.019109 seconds .

========================================================================
Received Import Request.
  Time since last request: 2.612083 seconds.
  path: Assets/UI 1.prefab
  artifactKey: Guid(184f8f867f183f04f8ecb1f076915cd1) Importer(815301076,1909f56bfc062723c751e8b465ee728b)
Start importing Assets/UI 1.prefab using Guid(184f8f867f183f04f8ecb1f076915cd1) Importer(815301076,1909f56bfc062723c751e8b465ee728b)  -> (artifact id: '623a35335c43a8437659a8a9eb0b51f3') in 0.008950 seconds
  Import took 0.011948 seconds .

========================================================================
Received Import Request.
  Time since last request: 1.605655 seconds.
  path: Assets/UI 1.prefab
  artifactKey: Guid(184f8f867f183f04f8ecb1f076915cd1) Importer(815301076,1909f56bfc062723c751e8b465ee728b)
Start importing Assets/UI 1.prefab using Guid(184f8f867f183f04f8ecb1f076915cd1) Importer(815301076,1909f56bfc062723c751e8b465ee728b)  -> (artifact id: '0fb7a2bbb6bdfd5c3a97251ae1a77754') in 0.008151 seconds
  Import took 0.010331 seconds .

========================================================================
Received Import Request.
  Time since last request: 2.520545 seconds.
  path: Assets/UI 1.prefab
  artifactKey: Guid(184f8f867f183f04f8ecb1f076915cd1) Importer(815301076,1909f56bfc062723c751e8b465ee728b)
Start importing Assets/UI 1.prefab using Guid(184f8f867f183f04f8ecb1f076915cd1) Importer(815301076,1909f56bfc062723c751e8b465ee728b)  -> (artifact id: 'eef75157c3ef2d8cbbdbe15cc729fe03') in 0.007503 seconds
  Import took 0.010094 seconds .

========================================================================
Received Prepare
Refreshing native plugins compatible for Editor in 0.58 ms, found 0 plugins.
Preloading 0 native plugins for Editor in 0.00 ms.
Unloading 3 Unused Serialized files (Serialized files now loaded: 0)
System memory in use before: 47.7 MB.
System memory in use after: 47.8 MB.

Unloading 5 unused Assets to reduce memory usage. Loaded Objects now: 1905.
Total: 1.781400 ms (FindLiveObjects: 0.175500 ms CreateObjectMapping: 0.046200 ms MarkObjects: 1.509900 ms  DeleteObjects: 0.048800 ms)

========================================================================
Received Import Request.
  Time since last request: 87.024988 seconds.
  path: Assets/UI 1.prefab
  artifactKey: Guid(184f8f867f183f04f8ecb1f076915cd1) Importer(815301076,1909f56bfc062723c751e8b465ee728b)
Start importing Assets/UI 1.prefab using Guid(184f8f867f183f04f8ecb1f076915cd1) Importer(815301076,1909f56bfc062723c751e8b465ee728b)  -> (artifact id: '32afaba96e2b2bb790e62da32615ae47') in 0.012506 seconds
  Import took 0.015338 seconds .

========================================================================
Received Import Request.
  Time since last request: 2.209800 seconds.
  path: Assets/UI 1.prefab
  artifactKey: Guid(184f8f867f183f04f8ecb1f076915cd1) Importer(815301076,1909f56bfc062723c751e8b465ee728b)
Start importing Assets/UI 1.prefab using Guid(184f8f867f183f04f8ecb1f076915cd1) Importer(815301076,1909f56bfc062723c751e8b465ee728b)  -> (artifact id: '7518f90daa4eb5938530241b57132dab') in 0.009060 seconds
  Import took 0.012707 seconds .

========================================================================
Received Import Request.
  Time since last request: 4.030632 seconds.
  path: Assets/UI 1.prefab
  artifactKey: Guid(184f8f867f183f04f8ecb1f076915cd1) Importer(815301076,1909f56bfc062723c751e8b465ee728b)
Start importing Assets/UI 1.prefab using Guid(184f8f867f183f04f8ecb1f076915cd1) Importer(815301076,1909f56bfc062723c751e8b465ee728b)  -> (artifact id: '74df0f4d87971063a73ccfc9a603372a') in 0.007589 seconds
  Import took 0.010299 seconds .

========================================================================
Received Import Request.
  Time since last request: 1.001309 seconds.
  path: Assets/UI 1.prefab
  artifactKey: Guid(184f8f867f183f04f8ecb1f076915cd1) Importer(815301076,1909f56bfc062723c751e8b465ee728b)
Start importing Assets/UI 1.prefab using Guid(184f8f867f183f04f8ecb1f076915cd1) Importer(815301076,1909f56bfc062723c751e8b465ee728b)  -> (artifact id: 'bd7a7a715e30d65d87ac98509c0adb96') in 0.011655 seconds
  Import took 0.014477 seconds .

========================================================================
Received Import Request.
  Time since last request: 9.890278 seconds.
  path: Assets/UI 1.prefab
  artifactKey: Guid(184f8f867f183f04f8ecb1f076915cd1) Importer(815301076,1909f56bfc062723c751e8b465ee728b)
Start importing Assets/UI 1.prefab using Guid(184f8f867f183f04f8ecb1f076915cd1) Importer(815301076,1909f56bfc062723c751e8b465ee728b)  -> (artifact id: '6502a311cad470b7f29e7632bf6f65db') in 0.008209 seconds
  Import took 0.012029 seconds .

========================================================================
Received Import Request.
  Time since last request: 1.198375 seconds.
  path: Assets/UI 1.prefab
  artifactKey: Guid(184f8f867f183f04f8ecb1f076915cd1) Importer(815301076,1909f56bfc062723c751e8b465ee728b)
Start importing Assets/UI 1.prefab using Guid(184f8f867f183f04f8ecb1f076915cd1) Importer(815301076,1909f56bfc062723c751e8b465ee728b)  -> (artifact id: '87efaa7fcfe8cf3ce3a7a193bbc76664') in 0.008285 seconds
  Import took 0.011050 seconds .

========================================================================
Received Prepare
Refreshing native plugins compatible for Editor in 0.60 ms, found 0 plugins.
Preloading 0 native plugins for Editor in 0.00 ms.
Unloading 3 Unused Serialized files (Serialized files now loaded: 0)
System memory in use before: 47.7 MB.
System memory in use after: 47.8 MB.

Unloading 5 unused Assets to reduce memory usage. Loaded Objects now: 1905.
Total: 2.670600 ms (FindLiveObjects: 0.246400 ms CreateObjectMapping: 0.080400 ms MarkObjects: 2.273300 ms  DeleteObjects: 0.069200 ms)

========================================================================
Received Import Request.
  Time since last request: 63.427882 seconds.
  path: Assets/UI 1.prefab
  artifactKey: Guid(184f8f867f183f04f8ecb1f076915cd1) Importer(815301076,1909f56bfc062723c751e8b465ee728b)
Start importing Assets/UI 1.prefab using Guid(184f8f867f183f04f8ecb1f076915cd1) Importer(815301076,1909f56bfc062723c751e8b465ee728b)  -> (artifact id: 'bb71e3bd8188421e3e257493eb39a693') in 0.012940 seconds
  Import took 0.015695 seconds .

========================================================================
Received Import Request.
  Time since last request: 6.336943 seconds.
  path: Assets/UI 1.prefab
  artifactKey: Guid(184f8f867f183f04f8ecb1f076915cd1) Importer(815301076,1909f56bfc062723c751e8b465ee728b)
Start importing Assets/UI 1.prefab using Guid(184f8f867f183f04f8ecb1f076915cd1) Importer(815301076,1909f56bfc062723c751e8b465ee728b)  -> (artifact id: '35d064050627d35554753c5ccc0f3109') in 0.009378 seconds
  Import took 0.012670 seconds .

========================================================================
Received Import Request.
  Time since last request: 4.447045 seconds.
  path: Assets/UI 1.prefab
  artifactKey: Guid(184f8f867f183f04f8ecb1f076915cd1) Importer(815301076,1909f56bfc062723c751e8b465ee728b)
Start importing Assets/UI 1.prefab using Guid(184f8f867f183f04f8ecb1f076915cd1) Importer(815301076,1909f56bfc062723c751e8b465ee728b)  -> (artifact id: '6889832e1395ed9203d6760488264136') in 0.007739 seconds
  Import took 0.009954 seconds .

========================================================================
Received Import Request.
  Time since last request: 1.000372 seconds.
  path: Assets/UI 1.prefab
  artifactKey: Guid(184f8f867f183f04f8ecb1f076915cd1) Importer(815301076,1909f56bfc062723c751e8b465ee728b)
Start importing Assets/UI 1.prefab using Guid(184f8f867f183f04f8ecb1f076915cd1) Importer(815301076,1909f56bfc062723c751e8b465ee728b)  -> (artifact id: '8f3fb88a3eb5e6039e351b8e89a286d6') in 0.012097 seconds
  Import took 0.015567 seconds .

========================================================================
Received Import Request.
  Time since last request: 8.875915 seconds.
  path: Assets/UI 1.prefab
  artifactKey: Guid(184f8f867f183f04f8ecb1f076915cd1) Importer(815301076,1909f56bfc062723c751e8b465ee728b)
Start importing Assets/UI 1.prefab using Guid(184f8f867f183f04f8ecb1f076915cd1) Importer(815301076,1909f56bfc062723c751e8b465ee728b)  -> (artifact id: '6c52b4fca7c236b748f80d07f22fa2e2') in 0.007743 seconds
  Import took 0.011096 seconds .

========================================================================
Received Import Request.
  Time since last request: 26.410669 seconds.
  path: Packages/com.unity.collab-proxy/Editor/Assets/Icons/added-file-dark.png
  artifactKey: Guid(1a4f52b613391cd449af3ad2e44affeb) Importer(815301076,1909f56bfc062723c751e8b465ee728b)
Start importing Packages/com.unity.collab-proxy/Editor/Assets/Icons/added-file-dark.png using Guid(1a4f52b613391cd449af3ad2e44affeb) Importer(815301076,1909f56bfc062723c751e8b465ee728b)  -> (artifact id: 'b6d5ed61a570c7dd963ca22bf7cece6b') in 0.048576 seconds
  Import took 0.050681 seconds .

========================================================================
Received Import Request.
  Time since last request: 0.333126 seconds.
  path: Packages/com.unity.collab-proxy/Editor/Assets/Icons/added-file-dark@2x.png
  artifactKey: Guid(c223e0c507e2c6549a2cb97441b62cbe) Importer(815301076,1909f56bfc062723c751e8b465ee728b)
Start importing Packages/com.unity.collab-proxy/Editor/Assets/Icons/added-file-dark@2x.png using Guid(c223e0c507e2c6549a2cb97441b62cbe) Importer(815301076,1909f56bfc062723c751e8b465ee728b)  -> (artifact id: 'c3dc61970d2294fbd9bed7802e6f1a16') in 0.018155 seconds
  Import took 0.021349 seconds .

========================================================================
Received Import Request.
  Time since last request: 0.000155 seconds.
  path: Packages/com.unity.collab-proxy/Editor/Assets/Icons/added-file-light.png
  artifactKey: Guid(397fff6c3885f8343bb65714f0064b5d) Importer(815301076,1909f56bfc062723c751e8b465ee728b)
Start importing Packages/com.unity.collab-proxy/Editor/Assets/Icons/added-file-light.png using Guid(397fff6c3885f8343bb65714f0064b5d) Importer(815301076,1909f56bfc062723c751e8b465ee728b)  -> (artifact id: 'e2f4b94ee845493c31f4a0a6337cc009') in 0.014617 seconds
  Import took 0.018042 seconds .

========================================================================
Received Import Request.
  Time since last request: 0.388383 seconds.
  path: Packages/com.unity.collab-proxy/Editor/Assets/Icons/added-file-light@2x.png
  artifactKey: Guid(ec2e3aa6d0ab8ce4eac29b56d65d61d5) Importer(815301076,1909f56bfc062723c751e8b465ee728b)
Start importing Packages/com.unity.collab-proxy/Editor/Assets/Icons/added-file-light@2x.png using Guid(ec2e3aa6d0ab8ce4eac29b56d65d61d5) Importer(815301076,1909f56bfc062723c751e8b465ee728b)  -> (artifact id: 'bd033c3f1d17132cacf169a0db1b2f31') in 0.012526 seconds
  Import took 0.014693 seconds .

========================================================================
Received Import Request.
  Time since last request: 0.000143 seconds.
  path: Packages/com.unity.collab-proxy/Editor/Assets/Styles/AlertBox.uss
  artifactKey: Guid(85516056fd2579c45b10c08bc3c52a08) Importer(815301076,1909f56bfc062723c751e8b465ee728b)
Start importing Packages/com.unity.collab-proxy/Editor/Assets/Styles/AlertBox.uss using Guid(85516056fd2579c45b10c08bc3c52a08) Importer(815301076,1909f56bfc062723c751e8b465ee728b)  -> (artifact id: '87528299334592c11c166d03c9249fc3') in 0.014881 seconds
  Import took 0.017139 seconds .

========================================================================
Received Import Request.
  Time since last request: 0.088633 seconds.
  path: Packages/com.unity.collab-proxy/Editor/Assets/Layouts/AlertBox.uxml
  artifactKey: Guid(13d7e179675caff4293e8d5c7fb1dda8) Importer(815301076,1909f56bfc062723c751e8b465ee728b)
Start importing Packages/com.unity.collab-proxy/Editor/Assets/Layouts/AlertBox.uxml using Guid(13d7e179675caff4293e8d5c7fb1dda8) Importer(815301076,1909f56bfc062723c751e8b465ee728b)  -> (artifact id: 'c696a131d9aa7eafb7e118b6b3d24404') in 0.007890 seconds
  Import took 0.009880 seconds .

========================================================================
Received Import Request.
  Time since last request: 2.074358 seconds.
  path: Assets/XR/XRGeneralSettings.asset
  artifactKey: Guid(8475684be8496b641a4b6d29adc7b034) Importer(815301076,1909f56bfc062723c751e8b465ee728b)
Start importing Assets/XR/XRGeneralSettings.asset using Guid(8475684be8496b641a4b6d29adc7b034) Importer(815301076,1909f56bfc062723c751e8b465ee728b)  -> (artifact id: '505f844f02144b1f0dfe2b19c7597f12') in 0.015013 seconds
  Import took 0.017477 seconds .

========================================================================
Received Import Request.
  Time since last request: 4.976281 seconds.
  path: Packages/com.unity.xr.arfoundation/Materials/DebugPlane.mat
  artifactKey: Guid(f1a110d32af21aa4d872c707dfcc6043) Importer(815301076,1909f56bfc062723c751e8b465ee728b)
Start importing Packages/com.unity.xr.arfoundation/Materials/DebugPlane.mat using Guid(f1a110d32af21aa4d872c707dfcc6043) Importer(815301076,1909f56bfc062723c751e8b465ee728b)  -> (artifact id: '44f0fb3233f09715166b78c67e8186db') in 0.163299 seconds
  Import took 0.165418 seconds .

========================================================================
Received Import Request.
  Time since last request: 10.004915 seconds.
  path: Assets/UI 1.prefab
  artifactKey: Guid(184f8f867f183f04f8ecb1f076915cd1) Importer(815301076,1909f56bfc062723c751e8b465ee728b)
Start importing Assets/UI 1.prefab using Guid(184f8f867f183f04f8ecb1f076915cd1) Importer(815301076,1909f56bfc062723c751e8b465ee728b)  -> (artifact id: '617748925b5464483129882eaddbdff0') in 0.008504 seconds
  Import took 0.010994 seconds .

========================================================================
Received Import Request.
  Time since last request: 18.361332 seconds.
  path: Assets/UI 1.prefab
  artifactKey: Guid(184f8f867f183f04f8ecb1f076915cd1) Importer(815301076,1909f56bfc062723c751e8b465ee728b)
Start importing Assets/UI 1.prefab using Guid(184f8f867f183f04f8ecb1f076915cd1) Importer(815301076,1909f56bfc062723c751e8b465ee728b)  -> (artifact id: 'ba9dd54eef5550550a360145a0218202') in 0.009512 seconds
  Import took 0.012307 seconds .

========================================================================
Received Prepare
Refreshing native plugins compatible for Editor in 0.58 ms, found 0 plugins.
Preloading 0 native plugins for Editor in 0.00 ms.
Unloading 3 Unused Serialized files (Serialized files now loaded: 0)
System memory in use before: 48.5 MB.
System memory in use after: 48.5 MB.

Unloading 5 unused Assets to reduce memory usage. Loaded Objects now: 1941.
Total: 1.960200 ms (FindLiveObjects: 0.160000 ms CreateObjectMapping: 0.044300 ms MarkObjects: 1.700600 ms  DeleteObjects: 0.054400 ms)

========================================================================
Received Import Request.
  Time since last request: 113.194553 seconds.
  path: Assets/UI.prefab
  artifactKey: Guid(c3e63f883e73a554581ef9bc324be263) Importer(815301076,1909f56bfc062723c751e8b465ee728b)
Start importing Assets/UI.prefab using Guid(c3e63f883e73a554581ef9bc324be263) Importer(815301076,1909f56bfc062723c751e8b465ee728b)  -> (artifact id: 'e921c5fb867750d962655fe494574ab8') in 0.011722 seconds
  Import took 0.014165 seconds .

========================================================================
Received Import Request.
  Time since last request: 0.002851 seconds.
  path: Assets/UI.prefab
  artifactKey: Guid(c3e63f883e73a554581ef9bc324be263) Importer(815301076,1909f56bfc062723c751e8b465ee728b)
Start importing Assets/UI.prefab using Guid(c3e63f883e73a554581ef9bc324be263) Importer(815301076,1909f56bfc062723c751e8b465ee728b)  -> (artifact id: 'e921c5fb867750d962655fe494574ab8') in 0.006038 seconds
  Import took 0.008675 seconds .

========================================================================
Received Import Request.
  Time since last request: 48.961566 seconds.
  path: Assets/XR/Loaders/AR Core Loader.asset
  artifactKey: Guid(c608fbbe385a7da49a19735ab6926cf5) Importer(815301076,1909f56bfc062723c751e8b465ee728b)
Start importing Assets/XR/Loaders/AR Core Loader.asset using Guid(c608fbbe385a7da49a19735ab6926cf5) Importer(815301076,1909f56bfc062723c751e8b465ee728b)  -> (artifact id: 'fb2f85815d458154cb9b1c927626ac1c') in 0.005616 seconds
  Import took 0.009236 seconds .

========================================================================
Received Import Request.
  Time since last request: 0.000182 seconds.
  path: Assets/XR/Settings/AR Core Settings.asset
  artifactKey: Guid(84a25d7f0cd94634789d4a17609862c8) Importer(815301076,1909f56bfc062723c751e8b465ee728b)
Start importing Assets/XR/Settings/AR Core Settings.asset using Guid(84a25d7f0cd94634789d4a17609862c8) Importer(815301076,1909f56bfc062723c751e8b465ee728b)  -> (artifact id: '58d7aa5df7fcb2f02935bfdacef1b3bb') in 0.006399 seconds
  Import took 0.008904 seconds .

========================================================================
Received Import Request.
  Time since last request: 0.000137 seconds.
  path: Assets/XR/Settings/AR Core Loader Settings.asset
  artifactKey: Guid(8b73a45d8e302fa43ba82a1ba9c12136) Importer(815301076,1909f56bfc062723c751e8b465ee728b)
Start importing Assets/XR/Settings/AR Core Loader Settings.asset using Guid(8b73a45d8e302fa43ba82a1ba9c12136) Importer(815301076,1909f56bfc062723c751e8b465ee728b)  -> (artifact id: '5ef8faec5500e8864f3282d0cc0c572f') in 0.006097 seconds
  Import took 0.008335 seconds .

========================================================================
Received Import Request.
  Time since last request: 0.000146 seconds.
  path: Assets/XR/Loaders/AR Core Loader.asset
  artifactKey: Guid(c608fbbe385a7da49a19735ab6926cf5) Importer(815301076,1909f56bfc062723c751e8b465ee728b)
Start importing Assets/XR/Loaders/AR Core Loader.asset using Guid(c608fbbe385a7da49a19735ab6926cf5) Importer(815301076,1909f56bfc062723c751e8b465ee728b)  -> (artifact id: 'fb2f85815d458154cb9b1c927626ac1c') in 0.002211 seconds
  Import took 0.004948 seconds .

========================================================================
Received Import Request.
  Time since last request: 0.016615 seconds.
  path: Assets/XR/Settings/AR Core Loader Settings.asset
  artifactKey: Guid(8b73a45d8e302fa43ba82a1ba9c12136) Importer(815301076,1909f56bfc062723c751e8b465ee728b)
Start importing Assets/XR/Settings/AR Core Loader Settings.asset using Guid(8b73a45d8e302fa43ba82a1ba9c12136) Importer(815301076,1909f56bfc062723c751e8b465ee728b)  -> (artifact id: '5ef8faec5500e8864f3282d0cc0c572f') in 0.002482 seconds
  Import took 0.004696 seconds .

========================================================================
Received Import Request.
  Time since last request: 33.863852 seconds.
  path: Assets/UI.prefab
  artifactKey: Guid(c3e63f883e73a554581ef9bc324be263) Importer(815301076,1909f56bfc062723c751e8b465ee728b)
Start importing Assets/UI.prefab using Guid(c3e63f883e73a554581ef9bc324be263) Importer(815301076,1909f56bfc062723c751e8b465ee728b)  -> (artifact id: '9ca45b0894c48316bfde9342a35dd3af') in 0.008227 seconds
  Import took 0.010931 seconds .

========================================================================
Received Import Request.
  Time since last request: 32.061405 seconds.
  path: Assets/UI.prefab
  artifactKey: Guid(c3e63f883e73a554581ef9bc324be263) Importer(815301076,1909f56bfc062723c751e8b465ee728b)
Start importing Assets/UI.prefab using Guid(c3e63f883e73a554581ef9bc324be263) Importer(815301076,1909f56bfc062723c751e8b465ee728b)  -> (artifact id: '31fe8d877c47bb0b4ed14bf1ed950c1f') in 0.007044 seconds
  Import took 0.009555 seconds .

========================================================================
Received Prepare
Refreshing native plugins compatible for Editor in 0.58 ms, found 0 plugins.
Preloading 0 native plugins for Editor in 0.00 ms.
Unloading 3 Unused Serialized files (Serialized files now loaded: 0)
System memory in use before: 48.5 MB.
System memory in use after: 48.6 MB.

Unloading 5 unused Assets to reduce memory usage. Loaded Objects now: 1941.
Total: 2.515500 ms (FindLiveObjects: 0.224200 ms CreateObjectMapping: 0.063100 ms MarkObjects: 2.164600 ms  DeleteObjects: 0.062600 ms)

========================================================================
Received Import Request.
  Time since last request: 91.748222 seconds.
  path: Assets/UI.prefab
  artifactKey: Guid(c3e63f883e73a554581ef9bc324be263) Importer(815301076,1909f56bfc062723c751e8b465ee728b)
Start importing Assets/UI.prefab using Guid(c3e63f883e73a554581ef9bc324be263) Importer(815301076,1909f56bfc062723c751e8b465ee728b)  -> (artifact id: '06208f83617cc5affcd77a28a6a796da') in 0.004994 seconds
  Import took 0.007627 seconds .

========================================================================
Received Import Request.
  Time since last request: 3.269552 seconds.
  path: Assets/UI.prefab
  artifactKey: Guid(c3e63f883e73a554581ef9bc324be263) Importer(815301076,1909f56bfc062723c751e8b465ee728b)
Start importing Assets/UI.prefab using Guid(c3e63f883e73a554581ef9bc324be263) Importer(815301076,1909f56bfc062723c751e8b465ee728b)  -> (artifact id: '0b951b4158542aee2b18ec94a70f4e08') in 0.011456 seconds
  Import took 0.013998 seconds .

========================================================================
Received Import Request.
  Time since last request: 14.932960 seconds.
  path: Assets/UI.prefab
  artifactKey: Guid(c3e63f883e73a554581ef9bc324be263) Importer(815301076,1909f56bfc062723c751e8b465ee728b)
Start importing Assets/UI.prefab using Guid(c3e63f883e73a554581ef9bc324be263) Importer(815301076,1909f56bfc062723c751e8b465ee728b)  -> (artifact id: '20f0c7a2ac9f67a2131c78b811abae7a') in 0.007567 seconds
  Import took 0.010563 seconds .

========================================================================
Received Import Request.
  Time since last request: 21.343618 seconds.
  path: Assets/UI.prefab
  artifactKey: Guid(c3e63f883e73a554581ef9bc324be263) Importer(815301076,1909f56bfc062723c751e8b465ee728b)
Start importing Assets/UI.prefab using Guid(c3e63f883e73a554581ef9bc324be263) Importer(815301076,1909f56bfc062723c751e8b465ee728b)  -> (artifact id: 'd35fb275d1b4ef8f6506452d3ac7052c') in 0.007024 seconds
  Import took 0.009241 seconds .

========================================================================
Received Import Request.
  Time since last request: 3.205618 seconds.
  path: Assets/UI.prefab
  artifactKey: Guid(c3e63f883e73a554581ef9bc324be263) Importer(815301076,1909f56bfc062723c751e8b465ee728b)
Start importing Assets/UI.prefab using Guid(c3e63f883e73a554581ef9bc324be263) Importer(815301076,1909f56bfc062723c751e8b465ee728b)  -> (artifact id: 'ca627f63c217c4e873f02d9c00e524f1') in 0.007678 seconds
  Import took 0.010529 seconds .

========================================================================
Received Prepare
Refreshing native plugins compatible for Editor in 0.58 ms, found 0 plugins.
Preloading 0 native plugins for Editor in 0.00 ms.
Unloading 3 Unused Serialized files (Serialized files now loaded: 0)
System memory in use before: 48.5 MB.
System memory in use after: 48.6 MB.

Unloading 5 unused Assets to reduce memory usage. Loaded Objects now: 1941.
Total: 1.749100 ms (FindLiveObjects: 0.158000 ms CreateObjectMapping: 0.044900 ms MarkObjects: 1.493600 ms  DeleteObjects: 0.051500 ms)

========================================================================
Received Import Request.
  Time since last request: 91.537910 seconds.
  path: Assets/UI.prefab
  artifactKey: Guid(c3e63f883e73a554581ef9bc324be263) Importer(815301076,1909f56bfc062723c751e8b465ee728b)
Start importing Assets/UI.prefab using Guid(c3e63f883e73a554581ef9bc324be263) Importer(815301076,1909f56bfc062723c751e8b465ee728b)  -> (artifact id: '6215a91dd4d9bb441e54a4e042727921') in 0.008179 seconds
  Import took 0.010457 seconds .

========================================================================
Received Import Request.
  Time since last request: 7.872742 seconds.
  path: Assets/UI.prefab
  artifactKey: Guid(c3e63f883e73a554581ef9bc324be263) Importer(815301076,1909f56bfc062723c751e8b465ee728b)
Start importing Assets/UI.prefab using Guid(c3e63f883e73a554581ef9bc324be263) Importer(815301076,1909f56bfc062723c751e8b465ee728b)  -> (artifact id: '9526a4b55575acb9a72a5e605d8a8370') in 0.007263 seconds
  Import took 0.010419 seconds .

========================================================================
Received Import Request.
  Time since last request: 0.816471 seconds.
  path: Assets/UI.prefab
  artifactKey: Guid(c3e63f883e73a554581ef9bc324be263) Importer(815301076,1909f56bfc062723c751e8b465ee728b)
Start importing Assets/UI.prefab using Guid(c3e63f883e73a554581ef9bc324be263) Importer(815301076,1909f56bfc062723c751e8b465ee728b)  -> (artifact id: 'd8adc63fb86355c479dc625d3ed3c96f') in 0.007436 seconds
  Import took 0.010370 seconds .

========================================================================
Received Import Request.
  Time since last request: 3.827153 seconds.
  path: Assets/UI.prefab
  artifactKey: Guid(c3e63f883e73a554581ef9bc324be263) Importer(815301076,1909f56bfc062723c751e8b465ee728b)
Start importing Assets/UI.prefab using Guid(c3e63f883e73a554581ef9bc324be263) Importer(815301076,1909f56bfc062723c751e8b465ee728b)  -> (artifact id: '1d0cbd95ba3a9de6081f8168e8204d52') in 0.006617 seconds
  Import took 0.008786 seconds .

========================================================================
Received Import Request.
  Time since last request: 0.800775 seconds.
  path: Assets/UI.prefab
  artifactKey: Guid(c3e63f883e73a554581ef9bc324be263) Importer(815301076,1909f56bfc062723c751e8b465ee728b)
Start importing Assets/UI.prefab using Guid(c3e63f883e73a554581ef9bc324be263) Importer(815301076,1909f56bfc062723c751e8b465ee728b)  -> (artifact id: 'a120400be1e8cd9897687bf9696e7927') in 0.010329 seconds
  Import took 0.013412 seconds .

========================================================================
Received Import Request.
  Time since last request: 2.433713 seconds.
  path: Assets/UI.prefab
  artifactKey: Guid(c3e63f883e73a554581ef9bc324be263) Importer(815301076,1909f56bfc062723c751e8b465ee728b)
Start importing Assets/UI.prefab using Guid(c3e63f883e73a554581ef9bc324be263) Importer(815301076,1909f56bfc062723c751e8b465ee728b)  -> (artifact id: '5797f7dfde006e4f132da6767d6db360') in 0.007274 seconds
  Import took 0.010183 seconds .

========================================================================
Received Import Request.
  Time since last request: 3.016610 seconds.
  path: Assets/UI.prefab
  artifactKey: Guid(c3e63f883e73a554581ef9bc324be263) Importer(815301076,1909f56bfc062723c751e8b465ee728b)
Start importing Assets/UI.prefab using Guid(c3e63f883e73a554581ef9bc324be263) Importer(815301076,1909f56bfc062723c751e8b465ee728b)  -> (artifact id: 'acce3d24448c505a710fe8d1858c54e8') in 0.007932 seconds
  Import took 0.010900 seconds .

========================================================================
Received Import Request.
  Time since last request: 6.462017 seconds.
  path: Assets/UI.prefab
  artifactKey: Guid(c3e63f883e73a554581ef9bc324be263) Importer(815301076,1909f56bfc062723c751e8b465ee728b)
Start importing Assets/UI.prefab using Guid(c3e63f883e73a554581ef9bc324be263) Importer(815301076,1909f56bfc062723c751e8b465ee728b)  -> (artifact id: '2bfc52d4595668ed782451b03259276d') in 0.006775 seconds
  Import took 0.009126 seconds .

========================================================================
Received Import Request.
  Time since last request: 6.654431 seconds.
  path: Assets/UI.prefab
  artifactKey: Guid(c3e63f883e73a554581ef9bc324be263) Importer(815301076,1909f56bfc062723c751e8b465ee728b)
Start importing Assets/UI.prefab using Guid(c3e63f883e73a554581ef9bc324be263) Importer(815301076,1909f56bfc062723c751e8b465ee728b)  -> (artifact id: 'a553fa55bb8af55d3661d7e92d765a44') in 0.006729 seconds
  Import took 0.009042 seconds .

========================================================================
Received Import Request.
  Time since last request: 5.306396 seconds.
  path: Assets/UI.prefab
  artifactKey: Guid(c3e63f883e73a554581ef9bc324be263) Importer(815301076,1909f56bfc062723c751e8b465ee728b)
Start importing Assets/UI.prefab using Guid(c3e63f883e73a554581ef9bc324be263) Importer(815301076,1909f56bfc062723c751e8b465ee728b)  -> (artifact id: '3bc3f54b109739e0ee33107d6e02f515') in 0.006768 seconds
  Import took 0.009742 seconds .

========================================================================
Received Import Request.
  Time since last request: 3.825436 seconds.
  path: Assets/UI.prefab
  artifactKey: Guid(c3e63f883e73a554581ef9bc324be263) Importer(815301076,1909f56bfc062723c751e8b465ee728b)
Start importing Assets/UI.prefab using Guid(c3e63f883e73a554581ef9bc324be263) Importer(815301076,1909f56bfc062723c751e8b465ee728b)  -> (artifact id: 'd06e7884cb8f73381d5ca76eb44a1b44') in 0.008772 seconds
  Import took 0.011196 seconds .

========================================================================
Received Import Request.
  Time since last request: 3.289723 seconds.
  path: Assets/UI.prefab
  artifactKey: Guid(c3e63f883e73a554581ef9bc324be263) Importer(815301076,1909f56bfc062723c751e8b465ee728b)
Start importing Assets/UI.prefab using Guid(c3e63f883e73a554581ef9bc324be263) Importer(815301076,1909f56bfc062723c751e8b465ee728b)  -> (artifact id: 'd520f653ad1d6aa942159e3a0c9c67f3') in 0.010632 seconds
  Import took 0.014128 seconds .

========================================================================
Received Import Request.
  Time since last request: 7.720777 seconds.
  path: Assets/UI.prefab
  artifactKey: Guid(c3e63f883e73a554581ef9bc324be263) Importer(815301076,1909f56bfc062723c751e8b465ee728b)
Start importing Assets/UI.prefab using Guid(c3e63f883e73a554581ef9bc324be263) Importer(815301076,1909f56bfc062723c751e8b465ee728b)  -> (artifact id: 'a2b301bd52e69fd23d1c656cb0bd35ca') in 0.008285 seconds
  Import took 0.011377 seconds .

========================================================================
Received Import Request.
  Time since last request: 3.316759 seconds.
  path: Assets/UI.prefab
  artifactKey: Guid(c3e63f883e73a554581ef9bc324be263) Importer(815301076,1909f56bfc062723c751e8b465ee728b)
Start importing Assets/UI.prefab using Guid(c3e63f883e73a554581ef9bc324be263) Importer(815301076,1909f56bfc062723c751e8b465ee728b)  -> (artifact id: '076ed7745b9fcc924951a16b2f1cf320') in 0.007841 seconds
  Import took 0.011237 seconds .

========================================================================
Received Prepare
Refreshing native plugins compatible for Editor in 0.60 ms, found 0 plugins.
Preloading 0 native plugins for Editor in 0.00 ms.
Unloading 3 Unused Serialized files (Serialized files now loaded: 0)
System memory in use before: 48.5 MB.
System memory in use after: 48.6 MB.

Unloading 5 unused Assets to reduce memory usage. Loaded Objects now: 1941.
Total: 3.552000 ms (FindLiveObjects: 0.483300 ms CreateObjectMapping: 0.145200 ms MarkObjects: 2.846400 ms  DeleteObjects: 0.075100 ms)

========================================================================
Received Import Request.
  Time since last request: 179.192910 seconds.
  path: Assets/UI.prefab
  artifactKey: Guid(c3e63f883e73a554581ef9bc324be263) Importer(815301076,1909f56bfc062723c751e8b465ee728b)
Start importing Assets/UI.prefab using Guid(c3e63f883e73a554581ef9bc324be263) Importer(815301076,1909f56bfc062723c751e8b465ee728b)  -> (artifact id: '1bc74ece054726fb77408cf97a4845cb') in 0.009234 seconds
  Import took 0.011806 seconds .

========================================================================
Received Import Request.
  Time since last request: 1.199973 seconds.
  path: Assets/UI.prefab
  artifactKey: Guid(c3e63f883e73a554581ef9bc324be263) Importer(815301076,1909f56bfc062723c751e8b465ee728b)
Start importing Assets/UI.prefab using Guid(c3e63f883e73a554581ef9bc324be263) Importer(815301076,1909f56bfc062723c751e8b465ee728b)  -> (artifact id: '48ef8551c2120311958930b7df21048b') in 0.006898 seconds
  Import took 0.009744 seconds .

========================================================================
Received Import Request.
  Time since last request: 23.253922 seconds.
  path: Assets/UI.prefab
  artifactKey: Guid(c3e63f883e73a554581ef9bc324be263) Importer(815301076,1909f56bfc062723c751e8b465ee728b)
Start importing Assets/UI.prefab using Guid(c3e63f883e73a554581ef9bc324be263) Importer(815301076,1909f56bfc062723c751e8b465ee728b)  -> (artifact id: 'edce5035f2330ad24cf8f648c700b49a') in 0.008128 seconds
  Import took 0.010886 seconds .

========================================================================
Received Prepare
Refreshing native plugins compatible for Editor in 0.77 ms, found 0 plugins.
Preloading 0 native plugins for Editor in 0.00 ms.
Unloading 3 Unused Serialized files (Serialized files now loaded: 0)
System memory in use before: 48.5 MB.
System memory in use after: 48.6 MB.

Unloading 5 unused Assets to reduce memory usage. Loaded Objects now: 1941.
Total: 2.133400 ms (FindLiveObjects: 0.187800 ms CreateObjectMapping: 0.093900 ms MarkObjects: 1.792400 ms  DeleteObjects: 0.057900 ms)

========================================================================
Received Prepare
Refreshing native plugins compatible for Editor in 0.63 ms, found 0 plugins.
Preloading 0 native plugins for Editor in 0.00 ms.
Unloading 3 Unused Serialized files (Serialized files now loaded: 0)
System memory in use before: 48.5 MB.
System memory in use after: 48.6 MB.

Unloading 3 unused Assets to reduce memory usage. Loaded Objects now: 1941.
Total: 3.339800 ms (FindLiveObjects: 0.716300 ms CreateObjectMapping: 0.131100 ms MarkObjects: 2.438200 ms  DeleteObjects: 0.052300 ms)

========================================================================
Received Import Request.
  Time since last request: 642.045241 seconds.
  path: Assets/UI.prefab
  artifactKey: Guid(c3e63f883e73a554581ef9bc324be263) Importer(815301076,1909f56bfc062723c751e8b465ee728b)
Start importing Assets/UI.prefab using Guid(c3e63f883e73a554581ef9bc324be263) Importer(815301076,1909f56bfc062723c751e8b465ee728b)  -> (artifact id: '476d7911cd952f31c2d999f1b8c8840d') in 0.014313 seconds
  Import took 0.017186 seconds .

========================================================================
Received Import Request.
  Time since last request: 6.233324 seconds.
  path: Assets/UI.prefab
  artifactKey: Guid(c3e63f883e73a554581ef9bc324be263) Importer(815301076,1909f56bfc062723c751e8b465ee728b)
Start importing Assets/UI.prefab using Guid(c3e63f883e73a554581ef9bc324be263) Importer(815301076,1909f56bfc062723c751e8b465ee728b)  -> (artifact id: 'd37f791142b978aa121fb4874449cfb9') in 0.007572 seconds
  Import took 0.010426 seconds .

========================================================================
Received Import Request.
  Time since last request: 6.367751 seconds.
  path: Assets/UI.prefab
  artifactKey: Guid(c3e63f883e73a554581ef9bc324be263) Importer(815301076,1909f56bfc062723c751e8b465ee728b)
Start importing Assets/UI.prefab using Guid(c3e63f883e73a554581ef9bc324be263) Importer(815301076,1909f56bfc062723c751e8b465ee728b)  -> (artifact id: 'e9f850aa871d963973e690902cef255e') in 0.007880 seconds
  Import took 0.010683 seconds .

========================================================================
Received Import Request.
  Time since last request: 0.594946 seconds.
  path: Assets/UI.prefab
  artifactKey: Guid(c3e63f883e73a554581ef9bc324be263) Importer(815301076,1909f56bfc062723c751e8b465ee728b)
Start importing Assets/UI.prefab using Guid(c3e63f883e73a554581ef9bc324be263) Importer(815301076,1909f56bfc062723c751e8b465ee728b)  -> (artifact id: 'c53fd39808b86cfdd1923357baa75ea9') in 0.007369 seconds
  Import took 0.009555 seconds .

========================================================================
Received Prepare
Refreshing native plugins compatible for Editor in 0.69 ms, found 0 plugins.
Preloading 0 native plugins for Editor in 0.00 ms.
Unloading 3 Unused Serialized files (Serialized files now loaded: 0)
System memory in use before: 48.6 MB.
System memory in use after: 48.6 MB.

Unloading 5 unused Assets to reduce memory usage. Loaded Objects now: 1941.
Total: 1.705700 ms (FindLiveObjects: 0.147400 ms CreateObjectMapping: 0.042300 ms MarkObjects: 1.464500 ms  DeleteObjects: 0.050500 ms)

========================================================================
Received Import Request.
  Time since last request: 137.194135 seconds.
  path: Assets/UI.prefab
  artifactKey: Guid(c3e63f883e73a554581ef9bc324be263) Importer(815301076,1909f56bfc062723c751e8b465ee728b)
Start importing Assets/UI.prefab using Guid(c3e63f883e73a554581ef9bc324be263) Importer(815301076,1909f56bfc062723c751e8b465ee728b)  -> (artifact id: '44d65d17ee840a6c08466e79610784cb') in 0.008235 seconds
  Import took 0.010953 seconds .

========================================================================
Received Import Request.
  Time since last request: 1.595607 seconds.
  path: Assets/UI.prefab
  artifactKey: Guid(c3e63f883e73a554581ef9bc324be263) Importer(815301076,1909f56bfc062723c751e8b465ee728b)
Start importing Assets/UI.prefab using Guid(c3e63f883e73a554581ef9bc324be263) Importer(815301076,1909f56bfc062723c751e8b465ee728b)  -> (artifact id: '27c047a2da6a6758c21d14295a3e7c13') in 0.006982 seconds
  Import took 0.009112 seconds .

========================================================================
Received Prepare
Refreshing native plugins compatible for Editor in 0.58 ms, found 0 plugins.
Preloading 0 native plugins for Editor in 0.00 ms.
Unloading 3 Unused Serialized files (Serialized files now loaded: 0)
System memory in use before: 48.5 MB.
System memory in use after: 48.6 MB.

Unloading 5 unused Assets to reduce memory usage. Loaded Objects now: 1941.
Total: 1.789600 ms (FindLiveObjects: 0.160300 ms CreateObjectMapping: 0.045900 ms MarkObjects: 1.533600 ms  DeleteObjects: 0.048800 ms)

========================================================================
Received Import Request.
  Time since last request: 76.790250 seconds.
  path: Assets/UI.prefab
  artifactKey: Guid(c3e63f883e73a554581ef9bc324be263) Importer(815301076,1909f56bfc062723c751e8b465ee728b)
Start importing Assets/UI.prefab using Guid(c3e63f883e73a554581ef9bc324be263) Importer(815301076,1909f56bfc062723c751e8b465ee728b)  -> (artifact id: '624c75e82e01b782c70ddaadd3d9bf50') in 0.008241 seconds
  Import took 0.010976 seconds .

========================================================================
Received Import Request.
  Time since last request: 2.605261 seconds.
  path: Assets/UI.prefab
  artifactKey: Guid(c3e63f883e73a554581ef9bc324be263) Importer(815301076,1909f56bfc062723c751e8b465ee728b)
Start importing Assets/UI.prefab using Guid(c3e63f883e73a554581ef9bc324be263) Importer(815301076,1909f56bfc062723c751e8b465ee728b)  -> (artifact id: '247499b902accb4d1e174bffdc8c978e') in 0.006678 seconds
  Import took 0.009987 seconds .

========================================================================
Received Prepare
Refreshing native plugins compatible for Editor in 0.59 ms, found 0 plugins.
Preloading 0 native plugins for Editor in 0.00 ms.
Unloading 3 Unused Serialized files (Serialized files now loaded: 0)
System memory in use before: 48.5 MB.
System memory in use after: 48.6 MB.

Unloading 5 unused Assets to reduce memory usage. Loaded Objects now: 1941.
Total: 2.338700 ms (FindLiveObjects: 0.226100 ms CreateObjectMapping: 0.056800 ms MarkObjects: 2.001400 ms  DeleteObjects: 0.053100 ms)

========================================================================
Received Import Request.
  Time since last request: 23.299697 seconds.
  path: Assets/UI.prefab
  artifactKey: Guid(c3e63f883e73a554581ef9bc324be263) Importer(815301076,1909f56bfc062723c751e8b465ee728b)
Start importing Assets/UI.prefab using Guid(c3e63f883e73a554581ef9bc324be263) Importer(815301076,1909f56bfc062723c751e8b465ee728b)  -> (artifact id: '8b9e57fd447b3a20253a77ef8e7d2c6f') in 0.008103 seconds
  Import took 0.010483 seconds .

========================================================================
Received Import Request.
  Time since last request: 0.340613 seconds.
  path: Assets/UI.prefab
  artifactKey: Guid(c3e63f883e73a554581ef9bc324be263) Importer(815301076,1909f56bfc062723c751e8b465ee728b)
Start importing Assets/UI.prefab using Guid(c3e63f883e73a554581ef9bc324be263) Importer(815301076,1909f56bfc062723c751e8b465ee728b)  -> (artifact id: '8b9e57fd447b3a20253a77ef8e7d2c6f') in 0.007177 seconds
  Import took 0.010752 seconds .

========================================================================
Received Prepare
Refreshing native plugins compatible for Editor in 0.60 ms, found 0 plugins.
Preloading 0 native plugins for Editor in 0.00 ms.
Unloading 3 Unused Serialized files (Serialized files now loaded: 0)
System memory in use before: 48.5 MB.
System memory in use after: 48.6 MB.

Unloading 5 unused Assets to reduce memory usage. Loaded Objects now: 1941.
Total: 1.879500 ms (FindLiveObjects: 0.229500 ms CreateObjectMapping: 0.066900 ms MarkObjects: 1.522600 ms  DeleteObjects: 0.058700 ms)

========================================================================
Received Import Request.
  Time since last request: 80.911120 seconds.
  path: Assets/UI.prefab
  artifactKey: Guid(c3e63f883e73a554581ef9bc324be263) Importer(815301076,1909f56bfc062723c751e8b465ee728b)
Start importing Assets/UI.prefab using Guid(c3e63f883e73a554581ef9bc324be263) Importer(815301076,1909f56bfc062723c751e8b465ee728b)  -> (artifact id: 'e09385fbd06fbf39f1710ee077ca4616') in 0.011526 seconds
  Import took 0.014325 seconds .

========================================================================
Received Import Request.
  Time since last request: 0.319606 seconds.
  path: Assets/UI.prefab
  artifactKey: Guid(c3e63f883e73a554581ef9bc324be263) Importer(815301076,1909f56bfc062723c751e8b465ee728b)
Start importing Assets/UI.prefab using Guid(c3e63f883e73a554581ef9bc324be263) Importer(815301076,1909f56bfc062723c751e8b465ee728b)  -> (artifact id: 'e09385fbd06fbf39f1710ee077ca4616') in 0.008145 seconds
  Import took 0.011527 seconds .

========================================================================
Received Import Request.
  Time since last request: 114.533499 seconds.
  path: Assets/UI.prefab
  artifactKey: Guid(c3e63f883e73a554581ef9bc324be263) Importer(815301076,1909f56bfc062723c751e8b465ee728b)
Start importing Assets/UI.prefab using Guid(c3e63f883e73a554581ef9bc324be263) Importer(815301076,1909f56bfc062723c751e8b465ee728b)  -> (artifact id: '3ab59abaef72bcfb9f28677045695d45') in 0.041781 seconds
  Import took 0.045528 seconds .

========================================================================
Received Import Request.
  Time since last request: 3.940752 seconds.
  path: Assets/UI.prefab
  artifactKey: Guid(c3e63f883e73a554581ef9bc324be263) Importer(815301076,1909f56bfc062723c751e8b465ee728b)
Start importing Assets/UI.prefab using Guid(c3e63f883e73a554581ef9bc324be263) Importer(815301076,1909f56bfc062723c751e8b465ee728b)  -> (artifact id: '599249dc55fd1f9f7e95b5955e5694f1') in 0.006948 seconds
  Import took 0.009883 seconds .

========================================================================
Received Import Request.
  Time since last request: 1.749555 seconds.
  path: Assets/UI.prefab
  artifactKey: Guid(c3e63f883e73a554581ef9bc324be263) Importer(815301076,1909f56bfc062723c751e8b465ee728b)
Start importing Assets/UI.prefab using Guid(c3e63f883e73a554581ef9bc324be263) Importer(815301076,1909f56bfc062723c751e8b465ee728b)  -> (artifact id: 'c6639057b11351f8a7cf1192291593d6') in 0.007536 seconds
  Import took 0.009715 seconds .

========================================================================
Received Import Request.
  Time since last request: 6.466796 seconds.
  path: Assets/UI.prefab
  artifactKey: Guid(c3e63f883e73a554581ef9bc324be263) Importer(815301076,1909f56bfc062723c751e8b465ee728b)
Start importing Assets/UI.prefab using Guid(c3e63f883e73a554581ef9bc324be263) Importer(815301076,1909f56bfc062723c751e8b465ee728b)  -> (artifact id: '2acbd8667df4de014b8cbf1d724fa238') in 0.007727 seconds
  Import took 0.010353 seconds .

========================================================================
Received Import Request.
  Time since last request: 8.289748 seconds.
  path: Assets/UI.prefab
  artifactKey: Guid(c3e63f883e73a554581ef9bc324be263) Importer(815301076,1909f56bfc062723c751e8b465ee728b)
Start importing Assets/UI.prefab using Guid(c3e63f883e73a554581ef9bc324be263) Importer(815301076,1909f56bfc062723c751e8b465ee728b)  -> (artifact id: '9b2e176580450316f54c96c155974866') in 0.007510 seconds
  Import took 0.009817 seconds .

========================================================================
Received Import Request.
  Time since last request: 4.641990 seconds.
  path: Assets/UI.prefab
  artifactKey: Guid(c3e63f883e73a554581ef9bc324be263) Importer(815301076,1909f56bfc062723c751e8b465ee728b)
Start importing Assets/UI.prefab using Guid(c3e63f883e73a554581ef9bc324be263) Importer(815301076,1909f56bfc062723c751e8b465ee728b)  -> (artifact id: '70af0cded583402029d5d1efda75c12e') in 0.007222 seconds
  Import took 0.009970 seconds .

========================================================================
Received Import Request.
  Time since last request: 9.999979 seconds.
  path: Assets/UI.prefab
  artifactKey: Guid(c3e63f883e73a554581ef9bc324be263) Importer(815301076,1909f56bfc062723c751e8b465ee728b)
Start importing Assets/UI.prefab using Guid(c3e63f883e73a554581ef9bc324be263) Importer(815301076,1909f56bfc062723c751e8b465ee728b)  -> (artifact id: 'ebebfa12ee81283107d248e2e482307d') in 0.006833 seconds
  Import took 0.008936 seconds .

========================================================================
Received Import Request.
  Time since last request: 33.356752 seconds.
  path: Assets/UI.prefab
  artifactKey: Guid(c3e63f883e73a554581ef9bc324be263) Importer(815301076,1909f56bfc062723c751e8b465ee728b)
Start importing Assets/UI.prefab using Guid(c3e63f883e73a554581ef9bc324be263) Importer(815301076,1909f56bfc062723c751e8b465ee728b)  -> (artifact id: '345b210af3219728e3ac1b04b2e973c1') in 0.007498 seconds
  Import took 0.010192 seconds .

========================================================================
Received Import Request.
  Time since last request: 15.770805 seconds.
  path: Assets/UI.prefab
  artifactKey: Guid(c3e63f883e73a554581ef9bc324be263) Importer(815301076,1909f56bfc062723c751e8b465ee728b)
Start importing Assets/UI.prefab using Guid(c3e63f883e73a554581ef9bc324be263) Importer(815301076,1909f56bfc062723c751e8b465ee728b)  -> (artifact id: 'e9c92024832f0f8846370f516c05b6c2') in 0.008021 seconds
  Import took 0.010729 seconds .

========================================================================
Received Import Request.
  Time since last request: 3.618183 seconds.
  path: Assets/UI.prefab
  artifactKey: Guid(c3e63f883e73a554581ef9bc324be263) Importer(815301076,1909f56bfc062723c751e8b465ee728b)
Start importing Assets/UI.prefab using Guid(c3e63f883e73a554581ef9bc324be263) Importer(815301076,1909f56bfc062723c751e8b465ee728b)  -> (artifact id: 'd7984b5eca697314588b4cb5b77dad05') in 0.006952 seconds
  Import took 0.009122 seconds .

========================================================================
Received Import Request.
  Time since last request: 17.967289 seconds.
  path: Assets/UI.prefab
  artifactKey: Guid(c3e63f883e73a554581ef9bc324be263) Importer(815301076,1909f56bfc062723c751e8b465ee728b)
Start importing Assets/UI.prefab using Guid(c3e63f883e73a554581ef9bc324be263) Importer(815301076,1909f56bfc062723c751e8b465ee728b)  -> (artifact id: '98b0eb6a29d0f9d98909d8436c9e9443') in 0.007980 seconds
  Import took 0.010115 seconds .

========================================================================
Received Prepare
Refreshing native plugins compatible for Editor in 0.59 ms, found 0 plugins.
Preloading 0 native plugins for Editor in 0.00 ms.
Unloading 3 Unused Serialized files (Serialized files now loaded: 0)
System memory in use before: 48.5 MB.
System memory in use after: 48.6 MB.

Unloading 5 unused Assets to reduce memory usage. Loaded Objects now: 1941.
Total: 3.143300 ms (FindLiveObjects: 0.267100 ms CreateObjectMapping: 0.112000 ms MarkObjects: 2.691700 ms  DeleteObjects: 0.070100 ms)

========================================================================
Received Import Request.
  Time since last request: 85.893200 seconds.
  path: Assets/UI.prefab
  artifactKey: Guid(c3e63f883e73a554581ef9bc324be263) Importer(815301076,1909f56bfc062723c751e8b465ee728b)
Start importing Assets/UI.prefab using Guid(c3e63f883e73a554581ef9bc324be263) Importer(815301076,1909f56bfc062723c751e8b465ee728b)  -> (artifact id: '33d5e62e7949c6552d98832c440e715e') in 0.009330 seconds
  Import took 0.012208 seconds .

========================================================================
Received Prepare
Refreshing native plugins compatible for Editor in 0.57 ms, found 0 plugins.
Preloading 0 native plugins for Editor in 0.00 ms.
Unloading 3 Unused Serialized files (Serialized files now loaded: 0)
System memory in use before: 48.5 MB.
System memory in use after: 48.6 MB.

Unloading 5 unused Assets to reduce memory usage. Loaded Objects now: 1941.
Total: 2.221500 ms (FindLiveObjects: 0.293000 ms CreateObjectMapping: 0.079000 ms MarkObjects: 1.788700 ms  DeleteObjects: 0.059000 ms)

========================================================================
Received Import Request.
  Time since last request: 355.007417 seconds.
  path: Assets/UI.prefab
  artifactKey: Guid(c3e63f883e73a554581ef9bc324be263) Importer(815301076,1909f56bfc062723c751e8b465ee728b)
Start importing Assets/UI.prefab using Guid(c3e63f883e73a554581ef9bc324be263) Importer(815301076,1909f56bfc062723c751e8b465ee728b)  -> (artifact id: '1607332e8e8eac91a0a2a9a140694087') in 0.008896 seconds
  Import took 0.012273 seconds .

========================================================================
Received Import Request.
  Time since last request: 5.438526 seconds.
  path: Assets/UI.prefab
  artifactKey: Guid(c3e63f883e73a554581ef9bc324be263) Importer(815301076,1909f56bfc062723c751e8b465ee728b)
Start importing Assets/UI.prefab using Guid(c3e63f883e73a554581ef9bc324be263) Importer(815301076,1909f56bfc062723c751e8b465ee728b)  -> (artifact id: '69068c6e410b13a1ae2f3257d939fac9') in 0.008417 seconds
  Import took 0.011124 seconds .

========================================================================
Received Import Request.
  Time since last request: 7.876441 seconds.
  path: Assets/UI.prefab
  artifactKey: Guid(c3e63f883e73a554581ef9bc324be263) Importer(815301076,1909f56bfc062723c751e8b465ee728b)
Start importing Assets/UI.prefab using Guid(c3e63f883e73a554581ef9bc324be263) Importer(815301076,1909f56bfc062723c751e8b465ee728b)  -> (artifact id: '0494e58d40219c57c14732aec22a8b90') in 0.006568 seconds
  Import took 0.009642 seconds .

========================================================================
Received Import Request.
  Time since last request: 6.091560 seconds.
  path: Assets/UI.prefab
  artifactKey: Guid(c3e63f883e73a554581ef9bc324be263) Importer(815301076,1909f56bfc062723c751e8b465ee728b)
Start importing Assets/UI.prefab using Guid(c3e63f883e73a554581ef9bc324be263) Importer(815301076,1909f56bfc062723c751e8b465ee728b)  -> (artifact id: 'eec367de0e37fc8480f1d07c4056850c') in 0.007880 seconds
  Import took 0.010487 seconds .

========================================================================
Received Prepare
Refreshing native plugins compatible for Editor in 0.59 ms, found 0 plugins.
Preloading 0 native plugins for Editor in 0.00 ms.
Unloading 3 Unused Serialized files (Serialized files now loaded: 0)
System memory in use before: 48.7 MB.
System memory in use after: 48.8 MB.

Unloading 5 unused Assets to reduce memory usage. Loaded Objects now: 1941.
Total: 2.312100 ms (FindLiveObjects: 0.161400 ms CreateObjectMapping: 0.047700 ms MarkObjects: 2.050300 ms  DeleteObjects: 0.051900 ms)

========================================================================
Received Import Request.
  Time since last request: 90.698133 seconds.
  path: Assets/UI.prefab
  artifactKey: Guid(c3e63f883e73a554581ef9bc324be263) Importer(815301076,1909f56bfc062723c751e8b465ee728b)
Start importing Assets/UI.prefab using Guid(c3e63f883e73a554581ef9bc324be263) Importer(815301076,1909f56bfc062723c751e8b465ee728b)  -> (artifact id: 'da00c9a25dad641add12ae19c738d289') in 0.010744 seconds
  Import took 0.013279 seconds .

========================================================================
Received Import Request.
  Time since last request: 2.354864 seconds.
  path: Assets/UI.prefab
  artifactKey: Guid(c3e63f883e73a554581ef9bc324be263) Importer(815301076,1909f56bfc062723c751e8b465ee728b)
Start importing Assets/UI.prefab using Guid(c3e63f883e73a554581ef9bc324be263) Importer(815301076,1909f56bfc062723c751e8b465ee728b)  -> (artifact id: 'e262f047e18b66868f0b97bd6178f237') in 0.008346 seconds
  Import took 0.011619 seconds .

========================================================================
Received Import Request.
  Time since last request: 26.124004 seconds.
  path: Assets/UI.prefab
  artifactKey: Guid(c3e63f883e73a554581ef9bc324be263) Importer(815301076,1909f56bfc062723c751e8b465ee728b)
Start importing Assets/UI.prefab using Guid(c3e63f883e73a554581ef9bc324be263) Importer(815301076,1909f56bfc062723c751e8b465ee728b)  -> (artifact id: 'a830fbc14752b600769871a956b2aab1') in 0.007613 seconds
  Import took 0.009928 seconds .

========================================================================
Received Import Request.
  Time since last request: 30.309958 seconds.
  path: Assets/UI.prefab
  artifactKey: Guid(c3e63f883e73a554581ef9bc324be263) Importer(815301076,1909f56bfc062723c751e8b465ee728b)
Start importing Assets/UI.prefab using Guid(c3e63f883e73a554581ef9bc324be263) Importer(815301076,1909f56bfc062723c751e8b465ee728b)  -> (artifact id: 'd7bc48e9da1f1e5dde6bfc455a0b5df1') in 0.007796 seconds
  Import took 0.010111 seconds .

========================================================================
Received Import Request.
  Time since last request: 119.466199 seconds.
  path: Assets/UI.prefab
  artifactKey: Guid(c3e63f883e73a554581ef9bc324be263) Importer(815301076,1909f56bfc062723c751e8b465ee728b)
Start importing Assets/UI.prefab using Guid(c3e63f883e73a554581ef9bc324be263) Importer(815301076,1909f56bfc062723c751e8b465ee728b)  -> (artifact id: '2243f084f259b98dd31fcf10b768c681') in 0.009202 seconds
  Import took 0.011677 seconds .

========================================================================
Received Import Request.
  Time since last request: 152.337271 seconds.
  path: Assets/UI.prefab
  artifactKey: Guid(c3e63f883e73a554581ef9bc324be263) Importer(815301076,1909f56bfc062723c751e8b465ee728b)
Start importing Assets/UI.prefab using Guid(c3e63f883e73a554581ef9bc324be263) Importer(815301076,1909f56bfc062723c751e8b465ee728b)  -> (artifact id: '129da53f45b7090a8111ecdba92b6494') in 0.009274 seconds
  Import took 0.012990 seconds .

